{"obj": {"type": "AssignString", "path": ["monitoring", "1bd990d0", "hostname"], "value": "DESKTOP-U7Q4VER"}, "version": 1}
{"obj": {"type": "AssignString", "path": ["monitoring", "1bd990d0", "pid"], "value": "6784"}, "version": 2}
{"obj": {"type": "AssignString", "path": ["monitoring", "1bd990d0", "tid"], "value": "35648"}, "version": 3}
{"obj": {"type": "ClearStringLog", "path": ["monitoring", "1bd990d0", "stdout"]}, "version": 4}
{"obj": {"type": "ClearStringLog", "path": ["monitoring", "1bd990d0", "stderr"]}, "version": 5}
{"obj": {"type": "ConfigFloatSeries", "path": ["monitoring", "1bd990d0", "cpu"], "min": 0.0, "max": 100.0, "unit": "%"}, "version": 6}
{"obj": {"type": "ClearFloatLog", "path": ["monitoring", "1bd990d0", "cpu"]}, "version": 7}
{"obj": {"type": "ConfigFloatSeries", "path": ["monitoring", "1bd990d0", "memory"], "min": 0.0, "max": 15.947399139404297, "unit": "GB"}, "version": 8}
{"obj": {"type": "ClearFloatLog", "path": ["monitoring", "1bd990d0", "memory"]}, "version": 9}
{"obj": {"type": "ConfigFloatSeries", "path": ["monitoring", "1bd990d0", "gpu"], "min": 0.0, "max": 100.0, "unit": "%"}, "version": 10}
{"obj": {"type": "ClearFloatLog", "path": ["monitoring", "1bd990d0", "gpu"]}, "version": 11}
{"obj": {"type": "ConfigFloatSeries", "path": ["monitoring", "1bd990d0", "gpu_memory"], "min": 0.0, "max": 8.0, "unit": "GB"}, "version": 12}
{"obj": {"type": "ClearFloatLog", "path": ["monitoring", "1bd990d0", "gpu_memory"]}, "version": 13}
{"obj": {"type": "LogFloats", "path": ["monitoring", "1bd990d0", "cpu"], "values": [{"value": 8.9, "step": null, "ts": 1685186116.1100461}]}, "version": 14}
{"obj": {"type": "LogFloats", "path": ["monitoring", "1bd990d0", "memory"], "values": [{"value": 8.564281463623047, "step": null, "ts": 1685186116.1100461}]}, "version": 15}
{"obj": {"type": "LogFloats", "path": ["monitoring", "1bd990d0", "gpu"], "values": [{"value": 12.0, "step": null, "ts": 1685186116.1100461}]}, "version": 16}
{"obj": {"type": "LogFloats", "path": ["monitoring", "1bd990d0", "gpu_memory"], "values": [{"value": 1.1927032470703125, "step": null, "ts": 1685186116.1100461}]}, "version": 17}
{"obj": {"type": "LogFloats", "path": ["monitoring", "1bd990d0", "cpu"], "values": [{"value": 13.1, "step": null, "ts": 1685186126.1365001}]}, "version": 18}
{"obj": {"type": "LogFloats", "path": ["monitoring", "1bd990d0", "memory"], "values": [{"value": 8.579914093017578, "step": null, "ts": 1685186126.1365001}]}, "version": 19}
{"obj": {"type": "LogFloats", "path": ["monitoring", "1bd990d0", "gpu"], "values": [{"value": 23.0, "step": null, "ts": 1685186126.1365001}]}, "version": 20}
{"obj": {"type": "LogFloats", "path": ["monitoring", "1bd990d0", "gpu_memory"], "values": [{"value": 1.2393951416015625, "step": null, "ts": 1685186126.1365001}]}, "version": 21}
{"obj": {"type": "LogFloats", "path": ["monitoring", "1bd990d0", "cpu"], "values": [{"value": 5.1, "step": null, "ts": 1685186136.164171}]}, "version": 22}
{"obj": {"type": "LogFloats", "path": ["monitoring", "1bd990d0", "memory"], "values": [{"value": 8.571250915527344, "step": null, "ts": 1685186136.164171}]}, "version": 23}
{"obj": {"type": "LogFloats", "path": ["monitoring", "1bd990d0", "gpu"], "values": [{"value": 7.0, "step": null, "ts": 1685186136.164171}]}, "version": 24}
{"obj": {"type": "LogFloats", "path": ["monitoring", "1bd990d0", "gpu_memory"], "values": [{"value": 1.1873855590820312, "step": null, "ts": 1685186136.164171}]}, "version": 25}
{"obj": {"type": "LogFloats", "path": ["monitoring", "1bd990d0", "cpu"], "values": [{"value": 6.2, "step": null, "ts": 1685186146.1790454}]}, "version": 26}
{"obj": {"type": "LogFloats", "path": ["monitoring", "1bd990d0", "memory"], "values": [{"value": 8.603893280029297, "step": null, "ts": 1685186146.1790454}]}, "version": 27}
{"obj": {"type": "LogFloats", "path": ["monitoring", "1bd990d0", "gpu"], "values": [{"value": 5.0, "step": null, "ts": 1685186146.1790454}]}, "version": 28}
{"obj": {"type": "LogFloats", "path": ["monitoring", "1bd990d0", "gpu_memory"], "values": [{"value": 1.1817703247070312, "step": null, "ts": 1685186146.1790454}]}, "version": 29}
{"obj": {"type": "LogFloats", "path": ["monitoring", "1bd990d0", "cpu"], "values": [{"value": 4.9, "step": null, "ts": 1685186156.2055168}]}, "version": 30}
{"obj": {"type": "LogFloats", "path": ["monitoring", "1bd990d0", "memory"], "values": [{"value": 8.574954986572266, "step": null, "ts": 1685186156.2055168}]}, "version": 31}
{"obj": {"type": "LogFloats", "path": ["monitoring", "1bd990d0", "gpu"], "values": [{"value": 5.0, "step": null, "ts": 1685186156.2055168}]}, "version": 32}
{"obj": {"type": "LogFloats", "path": ["monitoring", "1bd990d0", "gpu_memory"], "values": [{"value": 1.1767654418945312, "step": null, "ts": 1685186156.2055168}]}, "version": 33}
{"obj": {"type": "LogFloats", "path": ["monitoring", "1bd990d0", "cpu"], "values": [{"value": 6.0, "step": null, "ts": 1685186166.2274008}]}, "version": 34}
{"obj": {"type": "LogFloats", "path": ["monitoring", "1bd990d0", "memory"], "values": [{"value": 8.562980651855469, "step": null, "ts": 1685186166.2274008}]}, "version": 35}
{"obj": {"type": "LogFloats", "path": ["monitoring", "1bd990d0", "gpu"], "values": [{"value": 30.0, "step": null, "ts": 1685186166.2274008}]}, "version": 36}
{"obj": {"type": "LogFloats", "path": ["monitoring", "1bd990d0", "gpu_memory"], "values": [{"value": 1.1829299926757812, "step": null, "ts": 1685186166.2274008}]}, "version": 37}
{"obj": {"type": "LogFloats", "path": ["monitoring", "1bd990d0", "cpu"], "values": [{"value": 9.4, "step": null, "ts": 1685186176.2680535}]}, "version": 38}
{"obj": {"type": "LogFloats", "path": ["monitoring", "1bd990d0", "memory"], "values": [{"value": 8.58005142211914, "step": null, "ts": 1685186176.2680535}]}, "version": 39}
{"obj": {"type": "LogFloats", "path": ["monitoring", "1bd990d0", "gpu"], "values": [{"value": 4.0, "step": null, "ts": 1685186176.2680535}]}, "version": 40}
{"obj": {"type": "LogFloats", "path": ["monitoring", "1bd990d0", "gpu_memory"], "values": [{"value": 1.1829299926757812, "step": null, "ts": 1685186176.2680535}]}, "version": 41}
{"obj": {"type": "LogFloats", "path": ["monitoring", "1bd990d0", "cpu"], "values": [{"value": 5.5, "step": null, "ts": 1685186186.289401}]}, "version": 42}
{"obj": {"type": "LogFloats", "path": ["monitoring", "1bd990d0", "memory"], "values": [{"value": 8.594684600830078, "step": null, "ts": 1685186186.289401}]}, "version": 43}
{"obj": {"type": "LogFloats", "path": ["monitoring", "1bd990d0", "gpu"], "values": [{"value": 6.0, "step": null, "ts": 1685186186.289401}]}, "version": 44}
{"obj": {"type": "LogFloats", "path": ["monitoring", "1bd990d0", "gpu_memory"], "values": [{"value": 1.1748123168945312, "step": null, "ts": 1685186186.289401}]}, "version": 45}
{"obj": {"type": "LogFloats", "path": ["monitoring", "1bd990d0", "cpu"], "values": [{"value": 4.5, "step": null, "ts": 1685186196.3074844}]}, "version": 46}
{"obj": {"type": "LogFloats", "path": ["monitoring", "1bd990d0", "memory"], "values": [{"value": 8.585197448730469, "step": null, "ts": 1685186196.3074844}]}, "version": 47}
{"obj": {"type": "LogFloats", "path": ["monitoring", "1bd990d0", "gpu"], "values": [{"value": 6.0, "step": null, "ts": 1685186196.3074844}]}, "version": 48}
{"obj": {"type": "LogFloats", "path": ["monitoring", "1bd990d0", "gpu_memory"], "values": [{"value": 1.1713333129882812, "step": null, "ts": 1685186196.3074844}]}, "version": 49}
{"obj": {"type": "LogFloats", "path": ["monitoring", "1bd990d0", "cpu"], "values": [{"value": 9.3, "step": null, "ts": 1685186206.325736}]}, "version": 50}
{"obj": {"type": "LogFloats", "path": ["monitoring", "1bd990d0", "memory"], "values": [{"value": 8.596294403076172, "step": null, "ts": 1685186206.325736}]}, "version": 51}
{"obj": {"type": "LogFloats", "path": ["monitoring", "1bd990d0", "gpu"], "values": [{"value": 55.0, "step": null, "ts": 1685186206.325736}]}, "version": 52}
{"obj": {"type": "LogFloats", "path": ["monitoring", "1bd990d0", "gpu_memory"], "values": [{"value": 1.1778030395507812, "step": null, "ts": 1685186206.325736}]}, "version": 53}
{"obj": {"type": "LogFloats", "path": ["monitoring", "1bd990d0", "cpu"], "values": [{"value": 9.0, "step": null, "ts": 1685186216.3443341}]}, "version": 54}
{"obj": {"type": "LogFloats", "path": ["monitoring", "1bd990d0", "memory"], "values": [{"value": 8.686370849609375, "step": null, "ts": 1685186216.3443341}]}, "version": 55}
{"obj": {"type": "LogFloats", "path": ["monitoring", "1bd990d0", "gpu"], "values": [{"value": 5.0, "step": null, "ts": 1685186216.3443341}]}, "version": 56}
{"obj": {"type": "LogFloats", "path": ["monitoring", "1bd990d0", "gpu_memory"], "values": [{"value": 1.1782989501953125, "step": null, "ts": 1685186216.3443341}]}, "version": 57}
{"obj": {"type": "LogFloats", "path": ["monitoring", "1bd990d0", "cpu"], "values": [{"value": 6.8, "step": null, "ts": 1685186226.3634124}]}, "version": 58}
{"obj": {"type": "LogFloats", "path": ["monitoring", "1bd990d0", "memory"], "values": [{"value": 8.614521026611328, "step": null, "ts": 1685186226.3634124}]}, "version": 59}
{"obj": {"type": "LogFloats", "path": ["monitoring", "1bd990d0", "gpu"], "values": [{"value": 6.0, "step": null, "ts": 1685186226.3634124}]}, "version": 60}
{"obj": {"type": "LogFloats", "path": ["monitoring", "1bd990d0", "gpu_memory"], "values": [{"value": 1.1906967163085938, "step": null, "ts": 1685186226.3634124}]}, "version": 61}
{"obj": {"type": "LogFloats", "path": ["monitoring", "1bd990d0", "cpu"], "values": [{"value": 4.2, "step": null, "ts": 1685186236.38895}]}, "version": 62}
{"obj": {"type": "LogFloats", "path": ["monitoring", "1bd990d0", "memory"], "values": [{"value": 8.598770141601562, "step": null, "ts": 1685186236.38895}]}, "version": 63}
{"obj": {"type": "LogFloats", "path": ["monitoring", "1bd990d0", "gpu"], "values": [{"value": 5.0, "step": null, "ts": 1685186236.38895}]}, "version": 64}
{"obj": {"type": "LogFloats", "path": ["monitoring", "1bd990d0", "gpu_memory"], "values": [{"value": 1.1678085327148438, "step": null, "ts": 1685186236.38895}]}, "version": 65}
{"obj": {"type": "LogFloats", "path": ["monitoring", "1bd990d0", "cpu"], "values": [{"value": 6.0, "step": null, "ts": 1685186246.4059305}]}, "version": 66}
{"obj": {"type": "LogFloats", "path": ["monitoring", "1bd990d0", "memory"], "values": [{"value": 8.447914123535156, "step": null, "ts": 1685186246.4059305}]}, "version": 67}
{"obj": {"type": "LogFloats", "path": ["monitoring", "1bd990d0", "gpu"], "values": [{"value": 5.0, "step": null, "ts": 1685186246.4059305}]}, "version": 68}
{"obj": {"type": "LogFloats", "path": ["monitoring", "1bd990d0", "gpu_memory"], "values": [{"value": 1.1649322509765625, "step": null, "ts": 1685186246.4059305}]}, "version": 69}
{"obj": {"type": "LogFloats", "path": ["monitoring", "1bd990d0", "cpu"], "values": [{"value": 4.9, "step": null, "ts": 1685186256.419725}]}, "version": 70}
{"obj": {"type": "LogFloats", "path": ["monitoring", "1bd990d0", "memory"], "values": [{"value": 8.453929901123047, "step": null, "ts": 1685186256.419725}]}, "version": 71}
{"obj": {"type": "LogFloats", "path": ["monitoring", "1bd990d0", "gpu"], "values": [{"value": 5.0, "step": null, "ts": 1685186256.419725}]}, "version": 72}
{"obj": {"type": "LogFloats", "path": ["monitoring", "1bd990d0", "gpu_memory"], "values": [{"value": 1.1698150634765625, "step": null, "ts": 1685186256.419725}]}, "version": 73}
{"obj": {"type": "LogFloats", "path": ["monitoring", "1bd990d0", "cpu"], "values": [{"value": 5.4, "step": null, "ts": 1685186266.4317825}]}, "version": 74}
{"obj": {"type": "LogFloats", "path": ["monitoring", "1bd990d0", "memory"], "values": [{"value": 8.47348403930664, "step": null, "ts": 1685186266.4317825}]}, "version": 75}
{"obj": {"type": "LogFloats", "path": ["monitoring", "1bd990d0", "gpu"], "values": [{"value": 6.0, "step": null, "ts": 1685186266.4317825}]}, "version": 76}
{"obj": {"type": "LogFloats", "path": ["monitoring", "1bd990d0", "gpu_memory"], "values": [{"value": 1.1650543212890625, "step": null, "ts": 1685186266.4317825}]}, "version": 77}
{"obj": {"type": "LogFloats", "path": ["monitoring", "1bd990d0", "cpu"], "values": [{"value": 4.6, "step": null, "ts": 1685186276.452568}]}, "version": 78}
{"obj": {"type": "LogFloats", "path": ["monitoring", "1bd990d0", "memory"], "values": [{"value": 8.484607696533203, "step": null, "ts": 1685186276.452568}]}, "version": 79}
{"obj": {"type": "LogFloats", "path": ["monitoring", "1bd990d0", "gpu"], "values": [{"value": 5.0, "step": null, "ts": 1685186276.452568}]}, "version": 80}
{"obj": {"type": "LogFloats", "path": ["monitoring", "1bd990d0", "gpu_memory"], "values": [{"value": 1.1676788330078125, "step": null, "ts": 1685186276.452568}]}, "version": 81}
{"obj": {"type": "LogFloats", "path": ["monitoring", "1bd990d0", "cpu"], "values": [{"value": 7.2, "step": null, "ts": 1685186286.4715807}]}, "version": 82}
{"obj": {"type": "LogFloats", "path": ["monitoring", "1bd990d0", "memory"], "values": [{"value": 8.501201629638672, "step": null, "ts": 1685186286.4715807}]}, "version": 83}
{"obj": {"type": "LogFloats", "path": ["monitoring", "1bd990d0", "gpu"], "values": [{"value": 6.0, "step": null, "ts": 1685186286.4715807}]}, "version": 84}
{"obj": {"type": "LogFloats", "path": ["monitoring", "1bd990d0", "gpu_memory"], "values": [{"value": 1.1819686889648438, "step": null, "ts": 1685186286.4715807}]}, "version": 85}
{"obj": {"type": "LogFloats", "path": ["monitoring", "1bd990d0", "cpu"], "values": [{"value": 10.9, "step": null, "ts": 1685186296.4886677}]}, "version": 86}
{"obj": {"type": "LogFloats", "path": ["monitoring", "1bd990d0", "memory"], "values": [{"value": 8.720279693603516, "step": null, "ts": 1685186296.4886677}]}, "version": 87}
{"obj": {"type": "LogFloats", "path": ["monitoring", "1bd990d0", "gpu"], "values": [{"value": 9.0, "step": null, "ts": 1685186296.4886677}]}, "version": 88}
{"obj": {"type": "LogFloats", "path": ["monitoring", "1bd990d0", "gpu_memory"], "values": [{"value": 1.1637496948242188, "step": null, "ts": 1685186296.4886677}]}, "version": 89}
{"obj": {"type": "LogFloats", "path": ["monitoring", "1bd990d0", "cpu"], "values": [{"value": 5.2, "step": null, "ts": 1685186306.5129025}]}, "version": 90}
{"obj": {"type": "LogFloats", "path": ["monitoring", "1bd990d0", "memory"], "values": [{"value": 8.71942138671875, "step": null, "ts": 1685186306.5129025}]}, "version": 91}
{"obj": {"type": "LogFloats", "path": ["monitoring", "1bd990d0", "gpu"], "values": [{"value": 2.0, "step": null, "ts": 1685186306.5129025}]}, "version": 92}
{"obj": {"type": "LogFloats", "path": ["monitoring", "1bd990d0", "gpu_memory"], "values": [{"value": 1.1428070068359375, "step": null, "ts": 1685186306.5129025}]}, "version": 93}
{"obj": {"type": "LogFloats", "path": ["monitoring", "1bd990d0", "cpu"], "values": [{"value": 8.9, "step": null, "ts": 1685186316.5397258}]}, "version": 94}
{"obj": {"type": "LogFloats", "path": ["monitoring", "1bd990d0", "memory"], "values": [{"value": 8.97528076171875, "step": null, "ts": 1685186316.5397258}]}, "version": 95}
{"obj": {"type": "LogFloats", "path": ["monitoring", "1bd990d0", "gpu"], "values": [{"value": 37.0, "step": null, "ts": 1685186316.5397258}]}, "version": 96}
{"obj": {"type": "LogFloats", "path": ["monitoring", "1bd990d0", "gpu_memory"], "values": [{"value": 1.2061538696289062, "step": null, "ts": 1685186316.5397258}]}, "version": 97}
{"obj": {"type": "LogFloats", "path": ["monitoring", "1bd990d0", "cpu"], "values": [{"value": 5.6, "step": null, "ts": 1685186326.5541215}]}, "version": 98}
{"obj": {"type": "LogFloats", "path": ["monitoring", "1bd990d0", "memory"], "values": [{"value": 8.947093963623047, "step": null, "ts": 1685186326.5541215}]}, "version": 99}
{"obj": {"type": "LogFloats", "path": ["monitoring", "1bd990d0", "gpu"], "values": [{"value": 49.0, "step": null, "ts": 1685186326.5541215}]}, "version": 100}
{"obj": {"type": "LogFloats", "path": ["monitoring", "1bd990d0", "gpu_memory"], "values": [{"value": 1.1672782897949219, "step": null, "ts": 1685186326.5541215}]}, "version": 101}
{"obj": {"type": "LogFloats", "path": ["monitoring", "1bd990d0", "cpu"], "values": [{"value": 4.8, "step": null, "ts": 1685186336.5820704}]}, "version": 102}
{"obj": {"type": "LogFloats", "path": ["monitoring", "1bd990d0", "memory"], "values": [{"value": 8.934989929199219, "step": null, "ts": 1685186336.5820704}]}, "version": 103}
{"obj": {"type": "LogFloats", "path": ["monitoring", "1bd990d0", "gpu"], "values": [{"value": 42.0, "step": null, "ts": 1685186336.5820704}]}, "version": 104}
{"obj": {"type": "LogFloats", "path": ["monitoring", "1bd990d0", "gpu_memory"], "values": [{"value": 1.1944046020507812, "step": null, "ts": 1685186336.5820704}]}, "version": 105}
{"obj": {"type": "LogFloats", "path": ["monitoring", "1bd990d0", "cpu"], "values": [{"value": 4.6, "step": null, "ts": 1685186346.5930042}]}, "version": 106}
{"obj": {"type": "LogFloats", "path": ["monitoring", "1bd990d0", "memory"], "values": [{"value": 8.891288757324219, "step": null, "ts": 1685186346.5930042}]}, "version": 107}
{"obj": {"type": "LogFloats", "path": ["monitoring", "1bd990d0", "gpu_memory"], "values": [{"value": 1.1634407043457031, "step": null, "ts": 1685186346.5930042}]}, "version": 108}
{"obj": {"type": "LogFloats", "path": ["monitoring", "1bd990d0", "cpu"], "values": [{"value": 4.0, "step": null, "ts": 1685186356.6217773}]}, "version": 109}
{"obj": {"type": "LogFloats", "path": ["monitoring", "1bd990d0", "memory"], "values": [{"value": 8.862140655517578, "step": null, "ts": 1685186356.6217773}]}, "version": 110}
{"obj": {"type": "LogFloats", "path": ["monitoring", "1bd990d0", "gpu"], "values": [{"value": 18.0, "step": null, "ts": 1685186356.6217773}]}, "version": 111}
{"obj": {"type": "LogFloats", "path": ["monitoring", "1bd990d0", "gpu_memory"], "values": [{"value": 1.1707038879394531, "step": null, "ts": 1685186356.6217773}]}, "version": 112}
{"obj": {"type": "LogFloats", "path": ["monitoring", "1bd990d0", "cpu"], "values": [{"value": 4.0, "step": null, "ts": 1685186366.640069}]}, "version": 113}
{"obj": {"type": "LogFloats", "path": ["monitoring", "1bd990d0", "memory"], "values": [{"value": 8.817180633544922, "step": null, "ts": 1685186366.640069}]}, "version": 114}
{"obj": {"type": "LogFloats", "path": ["monitoring", "1bd990d0", "gpu_memory"], "values": [{"value": 1.1633186340332031, "step": null, "ts": 1685186366.640069}]}, "version": 115}
{"obj": {"type": "LogFloats", "path": ["monitoring", "1bd990d0", "cpu"], "values": [{"value": 5.4, "step": null, "ts": 1685186376.6649802}]}, "version": 116}
{"obj": {"type": "LogFloats", "path": ["monitoring", "1bd990d0", "memory"], "values": [{"value": 8.704959869384766, "step": null, "ts": 1685186376.6649802}]}, "version": 117}
{"obj": {"type": "LogFloats", "path": ["monitoring", "1bd990d0", "gpu_memory"], "values": [{"value": 1.1658210754394531, "step": null, "ts": 1685186376.6649802}]}, "version": 118}
{"obj": {"type": "LogFloats", "path": ["monitoring", "1bd990d0", "cpu"], "values": [{"value": 3.6, "step": null, "ts": 1685186386.6763031}]}, "version": 119}
{"obj": {"type": "LogFloats", "path": ["monitoring", "1bd990d0", "memory"], "values": [{"value": 8.70883560180664, "step": null, "ts": 1685186386.6763031}]}, "version": 120}
{"obj": {"type": "LogFloats", "path": ["monitoring", "1bd990d0", "gpu_memory"], "values": [{"value": 1.1513557434082031, "step": null, "ts": 1685186386.6763031}]}, "version": 121}
{"obj": {"type": "LogFloats", "path": ["monitoring", "1bd990d0", "cpu"], "values": [{"value": 4.4, "step": null, "ts": 1685186396.6930094}]}, "version": 122}
{"obj": {"type": "LogFloats", "path": ["monitoring", "1bd990d0", "memory"], "values": [{"value": 8.713531494140625, "step": null, "ts": 1685186396.6930094}]}, "version": 123}
{"obj": {"type": "LogFloats", "path": ["monitoring", "1bd990d0", "gpu"], "values": [{"value": 2.0, "step": null, "ts": 1685186396.6930094}]}, "version": 124}
{"obj": {"type": "LogFloats", "path": ["monitoring", "1bd990d0", "gpu_memory"], "values": [{"value": 1.1662483215332031, "step": null, "ts": 1685186396.6930094}]}, "version": 125}
{"obj": {"type": "LogFloats", "path": ["monitoring", "1bd990d0", "cpu"], "values": [{"value": 3.7, "step": null, "ts": 1685186406.7043874}]}, "version": 126}
{"obj": {"type": "LogFloats", "path": ["monitoring", "1bd990d0", "memory"], "values": [{"value": 8.716419219970703, "step": null, "ts": 1685186406.7043874}]}, "version": 127}
{"obj": {"type": "LogFloats", "path": ["monitoring", "1bd990d0", "gpu_memory"], "values": [{"value": 1.1806716918945312, "step": null, "ts": 1685186406.7043874}]}, "version": 128}
{"obj": {"type": "LogFloats", "path": ["monitoring", "1bd990d0", "cpu"], "values": [{"value": 3.9, "step": null, "ts": 1685186416.731976}]}, "version": 129}
{"obj": {"type": "LogFloats", "path": ["monitoring", "1bd990d0", "memory"], "values": [{"value": 8.69717788696289, "step": null, "ts": 1685186416.731976}]}, "version": 130}
{"obj": {"type": "LogFloats", "path": ["monitoring", "1bd990d0", "gpu"], "values": [{"value": 5.0, "step": null, "ts": 1685186416.731976}]}, "version": 131}
{"obj": {"type": "LogFloats", "path": ["monitoring", "1bd990d0", "gpu_memory"], "values": [{"value": 1.1932449340820312, "step": null, "ts": 1685186416.731976}]}, "version": 132}
{"obj": {"type": "LogFloats", "path": ["monitoring", "1bd990d0", "cpu"], "values": [{"value": 3.3, "step": null, "ts": 1685186426.751034}]}, "version": 133}
{"obj": {"type": "LogFloats", "path": ["monitoring", "1bd990d0", "memory"], "values": [{"value": 8.703685760498047, "step": null, "ts": 1685186426.751034}]}, "version": 134}
{"obj": {"type": "LogFloats", "path": ["monitoring", "1bd990d0", "gpu_memory"], "values": [{"value": 1.1843338012695312, "step": null, "ts": 1685186426.751034}]}, "version": 135}
{"obj": {"type": "LogFloats", "path": ["monitoring", "1bd990d0", "cpu"], "values": [{"value": 2.7, "step": null, "ts": 1685186436.7648847}]}, "version": 136}
{"obj": {"type": "LogFloats", "path": ["monitoring", "1bd990d0", "memory"], "values": [{"value": 8.706493377685547, "step": null, "ts": 1685186436.7648847}]}, "version": 137}
{"obj": {"type": "LogFloats", "path": ["monitoring", "1bd990d0", "gpu_memory"], "values": [{"value": 1.1817092895507812, "step": null, "ts": 1685186436.7648847}]}, "version": 138}
{"obj": {"type": "LogFloats", "path": ["monitoring", "1bd990d0", "cpu"], "values": [{"value": 2.8, "step": null, "ts": 1685186446.784971}]}, "version": 139}
{"obj": {"type": "LogFloats", "path": ["monitoring", "1bd990d0", "memory"], "values": [{"value": 8.695770263671875, "step": null, "ts": 1685186446.784971}]}, "version": 140}
{"obj": {"type": "LogFloats", "path": ["monitoring", "1bd990d0", "gpu_memory"], "values": [{"value": 1.1817092895507812, "step": null, "ts": 1685186446.784971}]}, "version": 141}
{"obj": {"type": "LogFloats", "path": ["monitoring", "1bd990d0", "cpu"], "values": [{"value": 3.4, "step": null, "ts": 1685186456.8076339}]}, "version": 142}
{"obj": {"type": "LogFloats", "path": ["monitoring", "1bd990d0", "memory"], "values": [{"value": 8.72043228149414, "step": null, "ts": 1685186456.8076339}]}, "version": 143}
{"obj": {"type": "LogFloats", "path": ["monitoring", "1bd990d0", "gpu_memory"], "values": [{"value": 1.1900711059570312, "step": null, "ts": 1685186456.8076339}]}, "version": 144}
{"obj": {"type": "LogFloats", "path": ["monitoring", "1bd990d0", "cpu"], "values": [{"value": 3.4, "step": null, "ts": 1685186466.8241718}]}, "version": 145}
{"obj": {"type": "LogFloats", "path": ["monitoring", "1bd990d0", "memory"], "values": [{"value": 8.713809967041016, "step": null, "ts": 1685186466.8241718}]}, "version": 146}
{"obj": {"type": "LogFloats", "path": ["monitoring", "1bd990d0", "gpu_memory"], "values": [{"value": 1.1833305358886719, "step": null, "ts": 1685186466.8241718}]}, "version": 147}
{"obj": {"type": "LogFloats", "path": ["monitoring", "1bd990d0", "cpu"], "values": [{"value": 3.8, "step": null, "ts": 1685186476.8468285}]}, "version": 148}
{"obj": {"type": "LogFloats", "path": ["monitoring", "1bd990d0", "memory"], "values": [{"value": 8.695083618164062, "step": null, "ts": 1685186476.8468285}]}, "version": 149}
{"obj": {"type": "LogFloats", "path": ["monitoring", "1bd990d0", "gpu_memory"], "values": [{"value": 1.1969413757324219, "step": null, "ts": 1685186476.8468285}]}, "version": 150}
{"obj": {"type": "LogFloats", "path": ["monitoring", "1bd990d0", "cpu"], "values": [{"value": 3.3, "step": null, "ts": 1685186486.8685982}]}, "version": 151}
{"obj": {"type": "LogFloats", "path": ["monitoring", "1bd990d0", "memory"], "values": [{"value": 8.702091217041016, "step": null, "ts": 1685186486.8685982}]}, "version": 152}
{"obj": {"type": "LogFloats", "path": ["monitoring", "1bd990d0", "gpu"], "values": [{"value": 1.0, "step": null, "ts": 1685186486.8685982}]}, "version": 153}
{"obj": {"type": "LogFloats", "path": ["monitoring", "1bd990d0", "gpu_memory"], "values": [{"value": 1.1876640319824219, "step": null, "ts": 1685186486.8685982}]}, "version": 154}
{"obj": {"type": "LogFloats", "path": ["monitoring", "1bd990d0", "cpu"], "values": [{"value": 3.9, "step": null, "ts": 1685186496.892732}]}, "version": 155}
{"obj": {"type": "LogFloats", "path": ["monitoring", "1bd990d0", "memory"], "values": [{"value": 8.692852020263672, "step": null, "ts": 1685186496.892732}]}, "version": 156}
{"obj": {"type": "LogFloats", "path": ["monitoring", "1bd990d0", "gpu_memory"], "values": [{"value": 1.1962089538574219, "step": null, "ts": 1685186496.892732}]}, "version": 157}
{"obj": {"type": "LogFloats", "path": ["monitoring", "1bd990d0", "cpu"], "values": [{"value": 4.8, "step": null, "ts": 1685186506.9140773}]}, "version": 158}
{"obj": {"type": "LogFloats", "path": ["monitoring", "1bd990d0", "memory"], "values": [{"value": 8.68221664428711, "step": null, "ts": 1685186506.9140773}]}, "version": 159}
{"obj": {"type": "LogFloats", "path": ["monitoring", "1bd990d0", "gpu_memory"], "values": [{"value": 1.2011070251464844, "step": null, "ts": 1685186506.9140773}]}, "version": 160}
{"obj": {"type": "LogFloats", "path": ["monitoring", "1bd990d0", "cpu"], "values": [{"value": 4.1, "step": null, "ts": 1685186516.924256}]}, "version": 161}
{"obj": {"type": "LogFloats", "path": ["monitoring", "1bd990d0", "memory"], "values": [{"value": 8.689380645751953, "step": null, "ts": 1685186516.924256}]}, "version": 162}
{"obj": {"type": "LogFloats", "path": ["monitoring", "1bd990d0", "gpu"], "values": [{"value": 15.0, "step": null, "ts": 1685186516.924256}]}, "version": 163}
{"obj": {"type": "LogFloats", "path": ["monitoring", "1bd990d0", "gpu_memory"], "values": [{"value": 1.1831626892089844, "step": null, "ts": 1685186516.924256}]}, "version": 164}
{"obj": {"type": "LogFloats", "path": ["monitoring", "1bd990d0", "cpu"], "values": [{"value": 4.0, "step": null, "ts": 1685186526.9383526}]}, "version": 165}
{"obj": {"type": "LogFloats", "path": ["monitoring", "1bd990d0", "memory"], "values": [{"value": 8.711162567138672, "step": null, "ts": 1685186526.9383526}]}, "version": 166}
{"obj": {"type": "LogFloats", "path": ["monitoring", "1bd990d0", "gpu_memory"], "values": [{"value": 1.1904983520507812, "step": null, "ts": 1685186526.9383526}]}, "version": 167}
{"obj": {"type": "LogFloats", "path": ["monitoring", "1bd990d0", "cpu"], "values": [{"value": 4.7, "step": null, "ts": 1685186536.9542542}]}, "version": 168}
{"obj": {"type": "LogFloats", "path": ["monitoring", "1bd990d0", "memory"], "values": [{"value": 8.755622863769531, "step": null, "ts": 1685186536.9542542}]}, "version": 169}
{"obj": {"type": "LogFloats", "path": ["monitoring", "1bd990d0", "gpu"], "values": [{"value": 33.0, "step": null, "ts": 1685186536.9542542}]}, "version": 170}
{"obj": {"type": "LogFloats", "path": ["monitoring", "1bd990d0", "gpu_memory"], "values": [{"value": 1.1648368835449219, "step": null, "ts": 1685186536.9542542}]}, "version": 171}
{"obj": {"type": "LogFloats", "path": ["monitoring", "1bd990d0", "cpu"], "values": [{"value": 4.5, "step": null, "ts": 1685186546.9691908}]}, "version": 172}
{"obj": {"type": "LogFloats", "path": ["monitoring", "1bd990d0", "memory"], "values": [{"value": 8.652366638183594, "step": null, "ts": 1685186546.9691908}]}, "version": 173}
{"obj": {"type": "LogFloats", "path": ["monitoring", "1bd990d0", "gpu"], "values": [{"value": 5.0, "step": null, "ts": 1685186546.9691908}]}, "version": 174}
{"obj": {"type": "LogFloats", "path": ["monitoring", "1bd990d0", "gpu_memory"], "values": [{"value": 1.1420707702636719, "step": null, "ts": 1685186546.9691908}]}, "version": 175}
{"obj": {"type": "LogFloats", "path": ["monitoring", "1bd990d0", "cpu"], "values": [{"value": 3.5, "step": null, "ts": 1685186556.9905527}]}, "version": 176}
{"obj": {"type": "LogFloats", "path": ["monitoring", "1bd990d0", "memory"], "values": [{"value": 8.678253173828125, "step": null, "ts": 1685186556.9905527}]}, "version": 177}
{"obj": {"type": "LogFloats", "path": ["monitoring", "1bd990d0", "gpu"], "values": [{"value": 1.0, "step": null, "ts": 1685186556.9905527}]}, "version": 178}
{"obj": {"type": "LogFloats", "path": ["monitoring", "1bd990d0", "gpu_memory"], "values": [{"value": 1.1359672546386719, "step": null, "ts": 1685186556.9905527}]}, "version": 179}
{"obj": {"type": "LogFloats", "path": ["monitoring", "1bd990d0", "cpu"], "values": [{"value": 3.5, "step": null, "ts": 1685186567.0078735}]}, "version": 180}
{"obj": {"type": "LogFloats", "path": ["monitoring", "1bd990d0", "memory"], "values": [{"value": 8.656974792480469, "step": null, "ts": 1685186567.0078735}]}, "version": 181}
{"obj": {"type": "LogFloats", "path": ["monitoring", "1bd990d0", "gpu"], "values": [{"value": 2.0, "step": null, "ts": 1685186567.0078735}]}, "version": 182}
{"obj": {"type": "LogFloats", "path": ["monitoring", "1bd990d0", "gpu_memory"], "values": [{"value": 1.1359062194824219, "step": null, "ts": 1685186567.0078735}]}, "version": 183}
{"obj": {"type": "LogFloats", "path": ["monitoring", "1bd990d0", "cpu"], "values": [{"value": 4.0, "step": null, "ts": 1685186577.0255313}]}, "version": 184}
{"obj": {"type": "LogFloats", "path": ["monitoring", "1bd990d0", "memory"], "values": [{"value": 8.616424560546875, "step": null, "ts": 1685186577.0255313}]}, "version": 185}
{"obj": {"type": "LogFloats", "path": ["monitoring", "1bd990d0", "gpu"], "values": [{"value": 1.0, "step": null, "ts": 1685186577.0255313}]}, "version": 186}
{"obj": {"type": "LogFloats", "path": ["monitoring", "1bd990d0", "gpu_memory"], "values": [{"value": 1.1418876647949219, "step": null, "ts": 1685186577.0255313}]}, "version": 187}
{"obj": {"type": "LogFloats", "path": ["monitoring", "1bd990d0", "cpu"], "values": [{"value": 3.6, "step": null, "ts": 1685186587.0524387}]}, "version": 188}
{"obj": {"type": "LogFloats", "path": ["monitoring", "1bd990d0", "memory"], "values": [{"value": 8.617053985595703, "step": null, "ts": 1685186587.0524387}]}, "version": 189}
{"obj": {"type": "LogFloats", "path": ["monitoring", "1bd990d0", "gpu"], "values": [{"value": 2.0, "step": null, "ts": 1685186587.0524387}]}, "version": 190}
{"obj": {"type": "LogFloats", "path": ["monitoring", "1bd990d0", "gpu_memory"], "values": [{"value": 1.158782958984375, "step": null, "ts": 1685186587.0524387}]}, "version": 191}
{"obj": {"type": "LogFloats", "path": ["monitoring", "1bd990d0", "cpu"], "values": [{"value": 3.0, "step": null, "ts": 1685186597.0654962}]}, "version": 192}
{"obj": {"type": "LogFloats", "path": ["monitoring", "1bd990d0", "memory"], "values": [{"value": 8.609943389892578, "step": null, "ts": 1685186597.0654962}]}, "version": 193}
{"obj": {"type": "LogFloats", "path": ["monitoring", "1bd990d0", "gpu"], "values": [{"value": 1.0, "step": null, "ts": 1685186597.0654962}]}, "version": 194}
{"obj": {"type": "LogFloats", "path": ["monitoring", "1bd990d0", "gpu_memory"], "values": [{"value": 1.07989501953125, "step": null, "ts": 1685186597.0654962}]}, "version": 195}
{"obj": {"type": "LogFloats", "path": ["monitoring", "1bd990d0", "cpu"], "values": [{"value": 3.0, "step": null, "ts": 1685186607.0840745}]}, "version": 196}
{"obj": {"type": "LogFloats", "path": ["monitoring", "1bd990d0", "memory"], "values": [{"value": 8.613700866699219, "step": null, "ts": 1685186607.0840745}]}, "version": 197}
{"obj": {"type": "LogFloats", "path": ["monitoring", "1bd990d0", "gpu"], "values": [{"value": 2.0, "step": null, "ts": 1685186607.0840745}]}, "version": 198}
{"obj": {"type": "LogFloats", "path": ["monitoring", "1bd990d0", "gpu_memory"], "values": [{"value": 1.07989501953125, "step": null, "ts": 1685186607.0840745}]}, "version": 199}
{"obj": {"type": "LogFloats", "path": ["monitoring", "1bd990d0", "cpu"], "values": [{"value": 3.1, "step": null, "ts": 1685186617.1056821}]}, "version": 200}
{"obj": {"type": "LogFloats", "path": ["monitoring", "1bd990d0", "memory"], "values": [{"value": 8.62124252319336, "step": null, "ts": 1685186617.1056821}]}, "version": 201}
{"obj": {"type": "LogFloats", "path": ["monitoring", "1bd990d0", "gpu"], "values": [{"value": 1.0, "step": null, "ts": 1685186617.1056821}]}, "version": 202}
{"obj": {"type": "LogFloats", "path": ["monitoring", "1bd990d0", "gpu_memory"], "values": [{"value": 1.07989501953125, "step": null, "ts": 1685186617.1056821}]}, "version": 203}
{"obj": {"type": "LogFloats", "path": ["monitoring", "1bd990d0", "cpu"], "values": [{"value": 4.9, "step": null, "ts": 1685186627.1237562}]}, "version": 204}
{"obj": {"type": "LogFloats", "path": ["monitoring", "1bd990d0", "memory"], "values": [{"value": 8.683357238769531, "step": null, "ts": 1685186627.1237562}]}, "version": 205}
{"obj": {"type": "LogFloats", "path": ["monitoring", "1bd990d0", "gpu"], "values": [{"value": 1.0, "step": null, "ts": 1685186627.1237562}]}, "version": 206}
{"obj": {"type": "LogFloats", "path": ["monitoring", "1bd990d0", "gpu_memory"], "values": [{"value": 1.1102104187011719, "step": null, "ts": 1685186627.1237562}]}, "version": 207}
{"obj": {"type": "LogFloats", "path": ["monitoring", "1bd990d0", "cpu"], "values": [{"value": 3.2, "step": null, "ts": 1685186637.1451955}]}, "version": 208}
{"obj": {"type": "LogFloats", "path": ["monitoring", "1bd990d0", "memory"], "values": [{"value": 8.696823120117188, "step": null, "ts": 1685186637.1451955}]}, "version": 209}
{"obj": {"type": "LogFloats", "path": ["monitoring", "1bd990d0", "gpu"], "values": [{"value": 1.0, "step": null, "ts": 1685186637.1451955}]}, "version": 210}
{"obj": {"type": "LogFloats", "path": ["monitoring", "1bd990d0", "gpu_memory"], "values": [{"value": 1.0997734069824219, "step": null, "ts": 1685186637.1451955}]}, "version": 211}
{"obj": {"type": "LogFloats", "path": ["monitoring", "1bd990d0", "cpu"], "values": [{"value": 5.7, "step": null, "ts": 1685186647.160313}]}, "version": 212}
{"obj": {"type": "LogFloats", "path": ["monitoring", "1bd990d0", "memory"], "values": [{"value": 8.702774047851562, "step": null, "ts": 1685186647.160313}]}, "version": 213}
{"obj": {"type": "LogFloats", "path": ["monitoring", "1bd990d0", "gpu_memory"], "values": [{"value": 1.1490554809570312, "step": null, "ts": 1685186647.160313}]}, "version": 214}
{"obj": {"type": "LogFloats", "path": ["monitoring", "1bd990d0", "cpu"], "values": [{"value": 4.5, "step": null, "ts": 1685186657.1852565}]}, "version": 215}
{"obj": {"type": "LogFloats", "path": ["monitoring", "1bd990d0", "memory"], "values": [{"value": 8.657329559326172, "step": null, "ts": 1685186657.1852565}]}, "version": 216}
{"obj": {"type": "LogFloats", "path": ["monitoring", "1bd990d0", "gpu"], "values": [{"value": 1.0, "step": null, "ts": 1685186657.1852565}]}, "version": 217}
{"obj": {"type": "LogFloats", "path": ["monitoring", "1bd990d0", "gpu_memory"], "values": [{"value": 1.1479568481445312, "step": null, "ts": 1685186657.1852565}]}, "version": 218}
{"obj": {"type": "LogFloats", "path": ["monitoring", "1bd990d0", "cpu"], "values": [{"value": 4.8, "step": null, "ts": 1685186667.206542}]}, "version": 219}
{"obj": {"type": "LogFloats", "path": ["monitoring", "1bd990d0", "memory"], "values": [{"value": 8.647930145263672, "step": null, "ts": 1685186667.206542}]}, "version": 220}
{"obj": {"type": "LogFloats", "path": ["monitoring", "1bd990d0", "gpu"], "values": [{"value": 6.0, "step": null, "ts": 1685186667.206542}]}, "version": 221}
{"obj": {"type": "LogFloats", "path": ["monitoring", "1bd990d0", "gpu_memory"], "values": [{"value": 1.1452102661132812, "step": null, "ts": 1685186667.206542}]}, "version": 222}
{"obj": {"type": "LogFloats", "path": ["monitoring", "1bd990d0", "cpu"], "values": [{"value": 2.9, "step": null, "ts": 1685186677.217728}]}, "version": 223}
{"obj": {"type": "LogFloats", "path": ["monitoring", "1bd990d0", "memory"], "values": [{"value": 8.641166687011719, "step": null, "ts": 1685186677.217728}]}, "version": 224}
{"obj": {"type": "LogFloats", "path": ["monitoring", "1bd990d0", "gpu_memory"], "values": [{"value": 1.1324539184570312, "step": null, "ts": 1685186677.217728}]}, "version": 225}
{"obj": {"type": "LogFloats", "path": ["monitoring", "1bd990d0", "cpu"], "values": [{"value": 4.6, "step": null, "ts": 1685186687.2333918}]}, "version": 226}
{"obj": {"type": "LogFloats", "path": ["monitoring", "1bd990d0", "memory"], "values": [{"value": 8.640186309814453, "step": null, "ts": 1685186687.2333918}]}, "version": 227}
{"obj": {"type": "LogFloats", "path": ["monitoring", "1bd990d0", "gpu"], "values": [{"value": 1.0, "step": null, "ts": 1685186687.2333918}]}, "version": 228}
{"obj": {"type": "LogFloats", "path": ["monitoring", "1bd990d0", "gpu_memory"], "values": [{"value": 1.1414260864257812, "step": null, "ts": 1685186687.2333918}]}, "version": 229}
{"obj": {"type": "LogFloats", "path": ["monitoring", "1bd990d0", "cpu"], "values": [{"value": 5.9, "step": null, "ts": 1685186697.2522216}]}, "version": 230}
{"obj": {"type": "LogFloats", "path": ["monitoring", "1bd990d0", "memory"], "values": [{"value": 8.641067504882812, "step": null, "ts": 1685186697.2522216}]}, "version": 231}
{"obj": {"type": "LogFloats", "path": ["monitoring", "1bd990d0", "gpu"], "values": [{"value": 16.0, "step": null, "ts": 1685186697.2522216}]}, "version": 232}
{"obj": {"type": "LogFloats", "path": ["monitoring", "1bd990d0", "gpu_memory"], "values": [{"value": 1.1312942504882812, "step": null, "ts": 1685186697.2522216}]}, "version": 233}
{"obj": {"type": "LogFloats", "path": ["monitoring", "1bd990d0", "cpu"], "values": [{"value": 6.7, "step": null, "ts": 1685186707.2718425}]}, "version": 234}
{"obj": {"type": "LogFloats", "path": ["monitoring", "1bd990d0", "memory"], "values": [{"value": 8.69681167602539, "step": null, "ts": 1685186707.2718425}]}, "version": 235}
{"obj": {"type": "LogFloats", "path": ["monitoring", "1bd990d0", "gpu"], "values": [{"value": 26.0, "step": null, "ts": 1685186707.2718425}]}, "version": 236}
{"obj": {"type": "LogFloats", "path": ["monitoring", "1bd990d0", "gpu_memory"], "values": [{"value": 1.1515312194824219, "step": null, "ts": 1685186707.2718425}]}, "version": 237}
{"obj": {"type": "LogFloats", "path": ["monitoring", "1bd990d0", "cpu"], "values": [{"value": 5.1, "step": null, "ts": 1685186717.2937133}]}, "version": 238}
{"obj": {"type": "LogFloats", "path": ["monitoring", "1bd990d0", "memory"], "values": [{"value": 8.71548080444336, "step": null, "ts": 1685186717.2937133}]}, "version": 239}
{"obj": {"type": "LogFloats", "path": ["monitoring", "1bd990d0", "gpu"], "values": [{"value": 1.0, "step": null, "ts": 1685186717.2937133}]}, "version": 240}
{"obj": {"type": "LogFloats", "path": ["monitoring", "1bd990d0", "gpu_memory"], "values": [{"value": 1.1414680480957031, "step": null, "ts": 1685186717.2937133}]}, "version": 241}
