{"obj": {"type": "AssignString", "path": ["sys", "name"], "value": "Untitled"}, "version": 1}
{"obj": {"type": "AssignString", "path": ["sys", "description"], "value": ""}, "version": 2}
{"obj": {"type": "AssignString", "path": ["monitoring", "0d252db4", "hostname"], "value": "DESKTOP-U7Q4VER"}, "version": 3}
{"obj": {"type": "AssignString", "path": ["sys", "hostname"], "value": "DESKTOP-U7Q4VER"}, "version": 4}
{"obj": {"type": "AssignString", "path": ["monitoring", "0d252db4", "pid"], "value": "96108"}, "version": 5}
{"obj": {"type": "AssignString", "path": ["monitoring", "0d252db4", "tid"], "value": "50624"}, "version": 6}
{"obj": {"type": "AssignBool", "path": ["sys", "failed"], "value": false}, "version": 7}
{"obj": {"type": "ClearStringLog", "path": ["monitoring", "0d252db4", "stdout"]}, "version": 8}
{"obj": {"type": "ClearStringLog", "path": ["monitoring", "0d252db4", "stderr"]}, "version": 9}
{"obj": {"type": "AssignString", "path": ["source_code", "entrypoint"], "value": "multi-step-ViT/train.py"}, "version": 10}
{"obj": {"type": "UploadFileSet", "path": ["source_code", "files"], "file_globs": ["C:\\Users\\Quinten Vroemen\\Documents\\MV_codespace\\BEP_MIA_DIR\\*.py", "C:\\Users\\Quinten Vroemen\\Documents\\MV_codespace\\BEP_MIA_DIR\\utils\\*.py", "C:\\Users\\Quinten Vroemen\\Documents\\MV_codespace\\BEP_MIA_DIR\\model\\***", "C:\\Users\\Quinten Vroemen\\Documents\\MV_codespace\\BEP_MIA_DIR\\datasets\\*.py", "C:\\Users\\Quinten Vroemen\\Documents\\MV_codespace\\BEP_MIA_DIR\\evaluation\\*.py", "C:\\Users\\Quinten Vroemen\\Documents\\MV_codespace\\BEP_MIA_DIR\\executor\\*.py"], "reset": "False"}, "version": 11}
{"obj": {"type": "ConfigFloatSeries", "path": ["monitoring", "0d252db4", "cpu"], "min": 0.0, "max": 100.0, "unit": "%"}, "version": 12}
{"obj": {"type": "ClearFloatLog", "path": ["monitoring", "0d252db4", "cpu"]}, "version": 13}
{"obj": {"type": "ConfigFloatSeries", "path": ["monitoring", "0d252db4", "memory"], "min": 0.0, "max": 15.947399139404297, "unit": "GB"}, "version": 14}
{"obj": {"type": "ClearFloatLog", "path": ["monitoring", "0d252db4", "memory"]}, "version": 15}
{"obj": {"type": "ConfigFloatSeries", "path": ["monitoring", "0d252db4", "gpu"], "min": 0.0, "max": 100.0, "unit": "%"}, "version": 16}
{"obj": {"type": "ClearFloatLog", "path": ["monitoring", "0d252db4", "gpu"]}, "version": 17}
{"obj": {"type": "ConfigFloatSeries", "path": ["monitoring", "0d252db4", "gpu_memory"], "min": 0.0, "max": 8.0, "unit": "GB"}, "version": 18}
{"obj": {"type": "ClearFloatLog", "path": ["monitoring", "0d252db4", "gpu_memory"]}, "version": 19}
{"obj": {"type": "AssignString", "path": ["parameters", "network"], "value": "msvit"}, "version": 20}
{"obj": {"type": "AssignString", "path": ["parameters", "root_checkpoints"], "value": "C:/Users/Quinten Vroemen/Documents/MV_codespace/BEP_MIA_DIR/multi-step-ViT/checkpoints"}, "version": 21}
{"obj": {"type": "AssignString", "path": ["parameters", "root_output"], "value": "C:/Users/Quinten Vroemen/Documents/MV_codespace/BEP_MIA_DIR/multi-step-ViT/output/model_val_metrics"}, "version": 22}
{"obj": {"type": "AssignString", "path": ["parameters", "root_data"], "value": "C:/Users/Quinten Vroemen/Documents/MV_codespace/BEP_MIA_DIR/4DCT/data"}, "version": 23}
{"obj": {"type": "AssignInt", "path": ["parameters", "random_seed"], "value": 1000}, "version": 24}
{"obj": {"type": "AssignString", "path": ["parameters", "device"], "value": "cuda"}, "version": 25}
{"obj": {"type": "AssignString", "path": ["parameters", "mode_neptune"], "value": "async"}, "version": 26}
{"obj": {"type": "AssignInt", "path": ["parameters", "vit_steps"], "value": 2}, "version": 27}
{"obj": {"type": "AssignString", "path": ["parameters", "similarity_loss"], "value": "ncc"}, "version": 28}
{"obj": {"type": "AssignFloat", "path": ["parameters", "learning_rate"], "value": 0.0001}, "version": 29}
{"obj": {"type": "AssignInt", "path": ["parameters", "reg_weight"], "value": 1}, "version": 30}
{"obj": {"type": "AssignInt", "path": ["parameters", "epochs"], "value": 10}, "version": 31}
{"obj": {"type": "AssignInt", "path": ["parameters", "batch_size"], "value": 1}, "version": 32}
{"obj": {"type": "AssignString", "path": ["parameters", "dataset"], "value": "lung"}, "version": 33}
{"obj": {"type": "AssignString", "path": ["parameters", "version"], "value": ""}, "version": 34}
{"obj": {"type": "AssignBool", "path": ["parameters", "overfit"], "value": false}, "version": 35}
{"obj": {"type": "AssignString", "path": ["parameters", "mode"], "value": "train"}, "version": 36}
{"obj": {"type": "LogStrings", "path": ["monitoring", "0d252db4", "stderr"], "values": [{"value": "C:\\Users\\Quinten Vroemen\\anaconda\\envs\\BEPpytorch\\Lib\\site-packages\\neptune\\common\\warnings.py:62: NeptuneUnsupportedType: You're attempting to log a type that is not directly supported by Neptune (<class 'list'>).\n        Convert the value to a supported type, such as a string or float, or use stringify_unsupported(obj)\n        for dictionaries or collections that contain unsupported values.\n        For more, see https://docs.neptune.ai/help/value_of_unsupported_type\n  warnings.warn(\n", "step": null, "ts": 1685707838.6547742}]}, "version": 37}
{"obj": {"type": "LogFloats", "path": ["monitoring", "0d252db4", "cpu"], "values": [{"value": 20.1, "step": null, "ts": 1685707838.6377707}]}, "version": 38}
{"obj": {"type": "LogFloats", "path": ["monitoring", "0d252db4", "memory"], "values": [{"value": 9.596065521240234, "step": null, "ts": 1685707838.6377707}]}, "version": 39}
{"obj": {"type": "LogFloats", "path": ["monitoring", "0d252db4", "gpu_memory"], "values": [{"value": 0.8121109008789062, "step": null, "ts": 1685707838.6377707}]}, "version": 40}
{"obj": {"type": "AssignInt", "path": ["dataset", "size"], "value": 18}, "version": 41}
{"obj": {"type": "LogStrings", "path": ["monitoring", "0d252db4", "stderr"], "values": [{"value": "C:\\Users\\Quinten Vroemen\\anaconda\\envs\\BEPpytorch\\Lib\\site-packages\\torch\\functional.py:504: UserWarning: torch.meshgrid: in an upcoming release, it will be required to pass the indexing argument. (Triggered internally at C:\\cb\\pytorch_1000000000000\\work\\aten\\src\\ATen\\native\\TensorShape.cpp:3484.)\n  return _VF.meshgrid(tensors, **kwargs)  # type: ignore[attr-defined]\n", "step": null, "ts": 1685707839.2929187}]}, "version": 42}
{"obj": {"type": "AssignInt", "path": ["model", "trainable_params"], "value": 13875942}, "version": 43}
{"obj": {"type": "LogStrings", "path": ["monitoring", "0d252db4", "stderr"], "values": [{"value": "C:\\Users\\Quinten Vroemen\\anaconda\\envs\\BEPpytorch\\Lib\\site-packages\\neptune\\common\\warnings.py:62: NeptuneUnsupportedType: You're attempting to log a type that is not directly supported by Neptune (<class 'model.MultiStepViT.MultiStepViT.MultiStepViT'>).\n        Convert the value to a supported type, such as a string or float, or use stringify_unsupported(obj)\n        for dictionaries or collections that contain unsupported values.\n        For more, see https://docs.neptune.ai/help/value_of_unsupported_type\n  warnings.warn(\n", "step": null, "ts": 1685707839.5929847}]}, "version": 44}
{"obj": {"type": "LogStrings", "path": ["monitoring", "0d252db4", "stdout"], "values": [{"value": "\n----- Training -----", "step": null, "ts": 1685707840.1741157}]}, "version": 45}
{"obj": {"type": "LogStrings", "path": ["monitoring", "0d252db4", "stdout"], "values": [{"value": "\n", "step": null, "ts": 1685707840.1811173}]}, "version": 46}
{"obj": {"type": "LogStrings", "path": ["monitoring", "0d252db4", "stdout"], "values": [{"value": "\r  0%|                                                                                                                                                                                        | 0/18 [00:00<?, ?it/s]", "step": null, "ts": 1685707840.190119}]}, "version": 47}
{"obj": {"type": "LogFloats", "path": ["monitoring", "0d252db4", "cpu"], "values": [{"value": 18.4, "step": null, "ts": 1685707848.6672878}]}, "version": 48}
{"obj": {"type": "LogFloats", "path": ["monitoring", "0d252db4", "memory"], "values": [{"value": 10.090991973876953, "step": null, "ts": 1685707848.6672878}]}, "version": 49}
{"obj": {"type": "LogFloats", "path": ["monitoring", "0d252db4", "gpu"], "values": [{"value": 100.0, "step": null, "ts": 1685707848.6672878}]}, "version": 50}
{"obj": {"type": "LogFloats", "path": ["monitoring", "0d252db4", "gpu_memory"], "values": [{"value": 1.3667869567871094, "step": null, "ts": 1685707848.6672878}]}, "version": 51}
{"obj": {"type": "LogFloats", "path": ["monitoring", "0d252db4", "cpu"], "values": [{"value": 11.6, "step": null, "ts": 1685707858.6907613}]}, "version": 52}
{"obj": {"type": "LogFloats", "path": ["monitoring", "0d252db4", "memory"], "values": [{"value": 9.995777130126953, "step": null, "ts": 1685707858.6907613}]}, "version": 53}
{"obj": {"type": "LogFloats", "path": ["monitoring", "0d252db4", "gpu"], "values": [{"value": 100.0, "step": null, "ts": 1685707858.6907613}]}, "version": 54}
{"obj": {"type": "LogFloats", "path": ["monitoring", "0d252db4", "gpu_memory"], "values": [{"value": 1.3426895141601562, "step": null, "ts": 1685707858.6907613}]}, "version": 55}
{"obj": {"type": "LogFloats", "path": ["monitoring", "0d252db4", "cpu"], "values": [{"value": 12.9, "step": null, "ts": 1685707868.7130146}]}, "version": 56}
{"obj": {"type": "LogFloats", "path": ["monitoring", "0d252db4", "memory"], "values": [{"value": 10.030158996582031, "step": null, "ts": 1685707868.7130146}]}, "version": 57}
{"obj": {"type": "LogFloats", "path": ["monitoring", "0d252db4", "gpu"], "values": [{"value": 100.0, "step": null, "ts": 1685707868.7130146}]}, "version": 58}
{"obj": {"type": "LogFloats", "path": ["monitoring", "0d252db4", "gpu_memory"], "values": [{"value": 1.3509254455566406, "step": null, "ts": 1685707868.7130146}]}, "version": 59}
{"obj": {"type": "LogFloats", "path": ["monitoring", "0d252db4", "cpu"], "values": [{"value": 20.1, "step": null, "ts": 1685707878.735752}]}, "version": 60}
{"obj": {"type": "LogFloats", "path": ["monitoring", "0d252db4", "memory"], "values": [{"value": 10.1064453125, "step": null, "ts": 1685707878.735752}]}, "version": 61}
{"obj": {"type": "LogFloats", "path": ["monitoring", "0d252db4", "gpu"], "values": [{"value": 100.0, "step": null, "ts": 1685707878.735752}]}, "version": 62}
{"obj": {"type": "LogFloats", "path": ["monitoring", "0d252db4", "gpu_memory"], "values": [{"value": 1.3658332824707031, "step": null, "ts": 1685707878.735752}]}, "version": 63}
{"obj": {"type": "LogFloats", "path": ["monitoring", "0d252db4", "cpu"], "values": [{"value": 15.7, "step": null, "ts": 1685707888.7533307}]}, "version": 64}
{"obj": {"type": "LogFloats", "path": ["monitoring", "0d252db4", "memory"], "values": [{"value": 10.060699462890625, "step": null, "ts": 1685707888.7533307}]}, "version": 65}
{"obj": {"type": "LogFloats", "path": ["monitoring", "0d252db4", "gpu"], "values": [{"value": 100.0, "step": null, "ts": 1685707888.7533307}]}, "version": 66}
{"obj": {"type": "LogFloats", "path": ["monitoring", "0d252db4", "gpu_memory"], "values": [{"value": 1.4438896179199219, "step": null, "ts": 1685707888.7533307}]}, "version": 67}
{"obj": {"type": "LogFloats", "path": ["monitoring", "0d252db4", "cpu"], "values": [{"value": 10.3, "step": null, "ts": 1685707898.7715359}]}, "version": 68}
{"obj": {"type": "LogFloats", "path": ["monitoring", "0d252db4", "memory"], "values": [{"value": 10.073375701904297, "step": null, "ts": 1685707898.7715359}]}, "version": 69}
{"obj": {"type": "LogFloats", "path": ["monitoring", "0d252db4", "gpu"], "values": [{"value": 21.0, "step": null, "ts": 1685707898.7715359}]}, "version": 70}
{"obj": {"type": "LogFloats", "path": ["monitoring", "0d252db4", "gpu_memory"], "values": [{"value": 1.5271415710449219, "step": null, "ts": 1685707898.7715359}]}, "version": 71}
{"obj": {"type": "LogFloats", "path": ["monitoring", "0d252db4", "cpu"], "values": [{"value": 8.9, "step": null, "ts": 1685707908.7948344}]}, "version": 72}
{"obj": {"type": "LogFloats", "path": ["monitoring", "0d252db4", "memory"], "values": [{"value": 10.051925659179688, "step": null, "ts": 1685707908.7948344}]}, "version": 73}
{"obj": {"type": "LogFloats", "path": ["monitoring", "0d252db4", "gpu"], "values": [{"value": 22.0, "step": null, "ts": 1685707908.7948344}]}, "version": 74}
{"obj": {"type": "LogFloats", "path": ["monitoring", "0d252db4", "gpu_memory"], "values": [{"value": 1.5178642272949219, "step": null, "ts": 1685707908.7948344}]}, "version": 75}
{"obj": {"type": "LogFloats", "path": ["monitoring", "0d252db4", "cpu"], "values": [{"value": 10.3, "step": null, "ts": 1685707918.8144155}]}, "version": 76}
{"obj": {"type": "LogFloats", "path": ["monitoring", "0d252db4", "memory"], "values": [{"value": 10.139179229736328, "step": null, "ts": 1685707918.8144155}]}, "version": 77}
{"obj": {"type": "LogFloats", "path": ["monitoring", "0d252db4", "gpu"], "values": [{"value": 23.0, "step": null, "ts": 1685707918.8144155}]}, "version": 78}
{"obj": {"type": "LogFloats", "path": ["monitoring", "0d252db4", "gpu_memory"], "values": [{"value": 1.5580329895019531, "step": null, "ts": 1685707918.8144155}]}, "version": 79}
{"obj": {"type": "LogFloats", "path": ["monitoring", "0d252db4", "cpu"], "values": [{"value": 7.1, "step": null, "ts": 1685707928.8463662}]}, "version": 80}
{"obj": {"type": "LogFloats", "path": ["monitoring", "0d252db4", "memory"], "values": [{"value": 10.10272216796875, "step": null, "ts": 1685707928.8463662}]}, "version": 81}
{"obj": {"type": "LogFloats", "path": ["monitoring", "0d252db4", "gpu"], "values": [{"value": 30.0, "step": null, "ts": 1685707928.8463662}]}, "version": 82}
{"obj": {"type": "LogFloats", "path": ["monitoring", "0d252db4", "gpu_memory"], "values": [{"value": 1.6153564453125, "step": null, "ts": 1685707928.8463662}]}, "version": 83}
{"obj": {"type": "LogFloats", "path": ["monitoring", "0d252db4", "cpu"], "values": [{"value": 13.6, "step": null, "ts": 1685707938.8738592}]}, "version": 84}
{"obj": {"type": "LogFloats", "path": ["monitoring", "0d252db4", "memory"], "values": [{"value": 10.165824890136719, "step": null, "ts": 1685707938.8738592}]}, "version": 85}
{"obj": {"type": "LogFloats", "path": ["monitoring", "0d252db4", "gpu"], "values": [{"value": 6.0, "step": null, "ts": 1685707938.8738592}]}, "version": 86}
{"obj": {"type": "LogFloats", "path": ["monitoring", "0d252db4", "gpu_memory"], "values": [{"value": 1.5705947875976562, "step": null, "ts": 1685707938.8738592}]}, "version": 87}
{"obj": {"type": "LogFloats", "path": ["monitoring", "0d252db4", "cpu"], "values": [{"value": 7.1, "step": null, "ts": 1685707948.903327}]}, "version": 88}
{"obj": {"type": "LogFloats", "path": ["monitoring", "0d252db4", "memory"], "values": [{"value": 10.146202087402344, "step": null, "ts": 1685707948.903327}]}, "version": 89}
{"obj": {"type": "LogFloats", "path": ["monitoring", "0d252db4", "gpu"], "values": [{"value": 4.0, "step": null, "ts": 1685707948.903327}]}, "version": 90}
{"obj": {"type": "LogFloats", "path": ["monitoring", "0d252db4", "gpu_memory"], "values": [{"value": 1.562957763671875, "step": null, "ts": 1685707948.903327}]}, "version": 91}
{"obj": {"type": "LogFloats", "path": ["monitoring", "0d252db4", "cpu"], "values": [{"value": 7.7, "step": null, "ts": 1685707958.9216459}]}, "version": 92}
{"obj": {"type": "LogFloats", "path": ["monitoring", "0d252db4", "memory"], "values": [{"value": 10.121273040771484, "step": null, "ts": 1685707958.9216459}]}, "version": 93}
{"obj": {"type": "LogFloats", "path": ["monitoring", "0d252db4", "gpu"], "values": [{"value": 4.0, "step": null, "ts": 1685707958.9216459}]}, "version": 94}
{"obj": {"type": "LogFloats", "path": ["monitoring", "0d252db4", "gpu_memory"], "values": [{"value": 1.561370849609375, "step": null, "ts": 1685707958.9216459}]}, "version": 95}
{"obj": {"type": "LogFloats", "path": ["monitoring", "0d252db4", "cpu"], "values": [{"value": 10.7, "step": null, "ts": 1685707968.9519913}]}, "version": 96}
{"obj": {"type": "LogFloats", "path": ["monitoring", "0d252db4", "memory"], "values": [{"value": 10.16180419921875, "step": null, "ts": 1685707968.9519913}]}, "version": 97}
{"obj": {"type": "LogFloats", "path": ["monitoring", "0d252db4", "gpu"], "values": [{"value": 2.0, "step": null, "ts": 1685707968.9519913}]}, "version": 98}
{"obj": {"type": "LogFloats", "path": ["monitoring", "0d252db4", "gpu_memory"], "values": [{"value": 1.5590591430664062, "step": null, "ts": 1685707968.9519913}]}, "version": 99}
{"obj": {"type": "LogFloats", "path": ["monitoring", "0d252db4", "cpu"], "values": [{"value": 8.2, "step": null, "ts": 1685707978.989349}]}, "version": 100}
{"obj": {"type": "LogFloats", "path": ["monitoring", "0d252db4", "memory"], "values": [{"value": 10.113380432128906, "step": null, "ts": 1685707978.989349}]}, "version": 101}
{"obj": {"type": "LogFloats", "path": ["monitoring", "0d252db4", "gpu"], "values": [{"value": 3.0, "step": null, "ts": 1685707978.989349}]}, "version": 102}
{"obj": {"type": "LogFloats", "path": ["monitoring", "0d252db4", "gpu_memory"], "values": [{"value": 1.561614990234375, "step": null, "ts": 1685707978.989349}]}, "version": 103}
{"obj": {"type": "LogFloats", "path": ["monitoring", "0d252db4", "cpu"], "values": [{"value": 8.0, "step": null, "ts": 1685707989.0207307}]}, "version": 104}
{"obj": {"type": "LogFloats", "path": ["monitoring", "0d252db4", "memory"], "values": [{"value": 10.128093719482422, "step": null, "ts": 1685707989.0207307}]}, "version": 105}
{"obj": {"type": "LogFloats", "path": ["monitoring", "0d252db4", "gpu"], "values": [{"value": 3.0, "step": null, "ts": 1685707989.0207307}]}, "version": 106}
{"obj": {"type": "LogFloats", "path": ["monitoring", "0d252db4", "gpu_memory"], "values": [{"value": 1.560394287109375, "step": null, "ts": 1685707989.0207307}]}, "version": 107}
{"obj": {"type": "LogFloats", "path": ["monitoring", "0d252db4", "cpu"], "values": [{"value": 10.0, "step": null, "ts": 1685707999.0451894}]}, "version": 108}
{"obj": {"type": "LogFloats", "path": ["monitoring", "0d252db4", "memory"], "values": [{"value": 10.129161834716797, "step": null, "ts": 1685707999.0451894}]}, "version": 109}
{"obj": {"type": "LogFloats", "path": ["monitoring", "0d252db4", "gpu"], "values": [{"value": 4.0, "step": null, "ts": 1685707999.0451894}]}, "version": 110}
{"obj": {"type": "LogFloats", "path": ["monitoring", "0d252db4", "gpu_memory"], "values": [{"value": 1.5780410766601562, "step": null, "ts": 1685707999.0451894}]}, "version": 111}
{"obj": {"type": "LogFloats", "path": ["monitoring", "0d252db4", "cpu"], "values": [{"value": 6.1, "step": null, "ts": 1685708009.0624561}]}, "version": 112}
{"obj": {"type": "LogFloats", "path": ["monitoring", "0d252db4", "memory"], "values": [{"value": 10.117851257324219, "step": null, "ts": 1685708009.0624561}]}, "version": 113}
{"obj": {"type": "LogFloats", "path": ["monitoring", "0d252db4", "gpu"], "values": [{"value": 3.0, "step": null, "ts": 1685708009.0624561}]}, "version": 114}
{"obj": {"type": "LogFloats", "path": ["monitoring", "0d252db4", "gpu_memory"], "values": [{"value": 1.562225341796875, "step": null, "ts": 1685708009.0624561}]}, "version": 115}
{"obj": {"type": "LogFloats", "path": ["monitoring", "0d252db4", "cpu"], "values": [{"value": 9.4, "step": null, "ts": 1685708019.0817866}]}, "version": 116}
{"obj": {"type": "LogFloats", "path": ["monitoring", "0d252db4", "memory"], "values": [{"value": 10.176898956298828, "step": null, "ts": 1685708019.0817866}]}, "version": 117}
{"obj": {"type": "LogFloats", "path": ["monitoring", "0d252db4", "gpu"], "values": [{"value": 41.0, "step": null, "ts": 1685708019.0817866}]}, "version": 118}
{"obj": {"type": "LogFloats", "path": ["monitoring", "0d252db4", "gpu_memory"], "values": [{"value": 1.6077384948730469, "step": null, "ts": 1685708019.0817866}]}, "version": 119}
{"obj": {"type": "LogFloats", "path": ["monitoring", "0d252db4", "cpu"], "values": [{"value": 12.8, "step": null, "ts": 1685708029.1058471}]}, "version": 120}
{"obj": {"type": "LogFloats", "path": ["monitoring", "0d252db4", "memory"], "values": [{"value": 10.180011749267578, "step": null, "ts": 1685708029.1058471}]}, "version": 121}
{"obj": {"type": "LogFloats", "path": ["monitoring", "0d252db4", "gpu"], "values": [{"value": 22.0, "step": null, "ts": 1685708029.1058471}]}, "version": 122}
{"obj": {"type": "LogFloats", "path": ["monitoring", "0d252db4", "gpu_memory"], "values": [{"value": 1.5941848754882812, "step": null, "ts": 1685708029.1058471}]}, "version": 123}
{"obj": {"type": "LogFloats", "path": ["monitoring", "0d252db4", "cpu"], "values": [{"value": 8.0, "step": null, "ts": 1685708039.13177}]}, "version": 124}
{"obj": {"type": "LogFloats", "path": ["monitoring", "0d252db4", "memory"], "values": [{"value": 10.114665985107422, "step": null, "ts": 1685708039.13177}]}, "version": 125}
{"obj": {"type": "LogFloats", "path": ["monitoring", "0d252db4", "gpu"], "values": [{"value": 22.0, "step": null, "ts": 1685708039.13177}]}, "version": 126}
{"obj": {"type": "LogFloats", "path": ["monitoring", "0d252db4", "gpu_memory"], "values": [{"value": 1.57720947265625, "step": null, "ts": 1685708039.13177}]}, "version": 127}
{"obj": {"type": "LogFloats", "path": ["monitoring", "0d252db4", "cpu"], "values": [{"value": 8.7, "step": null, "ts": 1685708049.156945}]}, "version": 128}
{"obj": {"type": "LogFloats", "path": ["monitoring", "0d252db4", "memory"], "values": [{"value": 10.11480712890625, "step": null, "ts": 1685708049.156945}]}, "version": 129}
{"obj": {"type": "LogFloats", "path": ["monitoring", "0d252db4", "gpu"], "values": [{"value": 22.0, "step": null, "ts": 1685708049.156945}]}, "version": 130}
{"obj": {"type": "LogFloats", "path": ["monitoring", "0d252db4", "gpu_memory"], "values": [{"value": 1.57720947265625, "step": null, "ts": 1685708049.156945}]}, "version": 131}
{"obj": {"type": "LogFloats", "path": ["monitoring", "0d252db4", "cpu"], "values": [{"value": 8.0, "step": null, "ts": 1685708059.186423}]}, "version": 132}
{"obj": {"type": "LogFloats", "path": ["monitoring", "0d252db4", "memory"], "values": [{"value": 10.051525115966797, "step": null, "ts": 1685708059.186423}]}, "version": 133}
{"obj": {"type": "LogFloats", "path": ["monitoring", "0d252db4", "gpu"], "values": [{"value": 43.0, "step": null, "ts": 1685708059.186423}]}, "version": 134}
{"obj": {"type": "LogFloats", "path": ["monitoring", "0d252db4", "gpu_memory"], "values": [{"value": 1.57818603515625, "step": null, "ts": 1685708059.186423}]}, "version": 135}
{"obj": {"type": "LogFloats", "path": ["monitoring", "0d252db4", "cpu"], "values": [{"value": 8.1, "step": null, "ts": 1685708069.202809}]}, "version": 136}
{"obj": {"type": "LogFloats", "path": ["monitoring", "0d252db4", "memory"], "values": [{"value": 10.044265747070312, "step": null, "ts": 1685708069.202809}]}, "version": 137}
{"obj": {"type": "LogFloats", "path": ["monitoring", "0d252db4", "gpu"], "values": [{"value": 44.0, "step": null, "ts": 1685708069.202809}]}, "version": 138}
{"obj": {"type": "LogFloats", "path": ["monitoring", "0d252db4", "gpu_memory"], "values": [{"value": 1.56793212890625, "step": null, "ts": 1685708069.202809}]}, "version": 139}
{"obj": {"type": "LogFloats", "path": ["monitoring", "0d252db4", "cpu"], "values": [{"value": 8.3, "step": null, "ts": 1685708079.2222989}]}, "version": 140}
{"obj": {"type": "LogFloats", "path": ["monitoring", "0d252db4", "memory"], "values": [{"value": 10.140827178955078, "step": null, "ts": 1685708079.2222989}]}, "version": 141}
{"obj": {"type": "LogFloats", "path": ["monitoring", "0d252db4", "gpu"], "values": [{"value": 22.0, "step": null, "ts": 1685708079.2222989}]}, "version": 142}
{"obj": {"type": "LogFloats", "path": ["monitoring", "0d252db4", "gpu_memory"], "values": [{"value": 1.5689697265625, "step": null, "ts": 1685708079.2222989}]}, "version": 143}
{"obj": {"type": "LogFloats", "path": ["monitoring", "0d252db4", "cpu"], "values": [{"value": 8.3, "step": null, "ts": 1685708089.2485368}]}, "version": 144}
{"obj": {"type": "LogFloats", "path": ["monitoring", "0d252db4", "memory"], "values": [{"value": 10.129707336425781, "step": null, "ts": 1685708089.2485368}]}, "version": 145}
{"obj": {"type": "LogFloats", "path": ["monitoring", "0d252db4", "gpu"], "values": [{"value": 45.0, "step": null, "ts": 1685708089.2485368}]}, "version": 146}
{"obj": {"type": "LogFloats", "path": ["monitoring", "0d252db4", "gpu_memory"], "values": [{"value": 1.57720947265625, "step": null, "ts": 1685708089.2485368}]}, "version": 147}
{"obj": {"type": "LogFloats", "path": ["monitoring", "0d252db4", "cpu"], "values": [{"value": 8.2, "step": null, "ts": 1685708099.269528}]}, "version": 148}
{"obj": {"type": "LogFloats", "path": ["monitoring", "0d252db4", "memory"], "values": [{"value": 10.14663314819336, "step": null, "ts": 1685708099.269528}]}, "version": 149}
{"obj": {"type": "LogFloats", "path": ["monitoring", "0d252db4", "gpu"], "values": [{"value": 21.0, "step": null, "ts": 1685708099.269528}]}, "version": 150}
{"obj": {"type": "LogFloats", "path": ["monitoring", "0d252db4", "gpu_memory"], "values": [{"value": 1.57720947265625, "step": null, "ts": 1685708099.269528}]}, "version": 151}
{"obj": {"type": "LogFloats", "path": ["monitoring", "0d252db4", "cpu"], "values": [{"value": 9.2, "step": null, "ts": 1685708109.2908494}]}, "version": 152}
{"obj": {"type": "LogFloats", "path": ["monitoring", "0d252db4", "memory"], "values": [{"value": 10.146732330322266, "step": null, "ts": 1685708109.2908494}]}, "version": 153}
{"obj": {"type": "LogFloats", "path": ["monitoring", "0d252db4", "gpu"], "values": [{"value": 22.0, "step": null, "ts": 1685708109.2908494}]}, "version": 154}
{"obj": {"type": "LogFloats", "path": ["monitoring", "0d252db4", "gpu_memory"], "values": [{"value": 1.56793212890625, "step": null, "ts": 1685708109.2908494}]}, "version": 155}
{"obj": {"type": "LogFloats", "path": ["monitoring", "0d252db4", "cpu"], "values": [{"value": 7.9, "step": null, "ts": 1685708119.314406}]}, "version": 156}
{"obj": {"type": "LogFloats", "path": ["monitoring", "0d252db4", "memory"], "values": [{"value": 10.098625183105469, "step": null, "ts": 1685708119.314406}]}, "version": 157}
{"obj": {"type": "LogFloats", "path": ["monitoring", "0d252db4", "gpu"], "values": [{"value": 43.0, "step": null, "ts": 1685708119.314406}]}, "version": 158}
{"obj": {"type": "LogFloats", "path": ["monitoring", "0d252db4", "gpu_memory"], "values": [{"value": 1.56793212890625, "step": null, "ts": 1685708119.314406}]}, "version": 159}
{"obj": {"type": "LogFloats", "path": ["monitoring", "0d252db4", "cpu"], "values": [{"value": 7.7, "step": null, "ts": 1685708129.3414807}]}, "version": 160}
{"obj": {"type": "LogFloats", "path": ["monitoring", "0d252db4", "memory"], "values": [{"value": 10.102237701416016, "step": null, "ts": 1685708129.3414807}]}, "version": 161}
{"obj": {"type": "LogFloats", "path": ["monitoring", "0d252db4", "gpu"], "values": [{"value": 22.0, "step": null, "ts": 1685708129.3414807}]}, "version": 162}
{"obj": {"type": "LogFloats", "path": ["monitoring", "0d252db4", "gpu_memory"], "values": [{"value": 1.57818603515625, "step": null, "ts": 1685708129.3414807}]}, "version": 163}
{"obj": {"type": "LogFloats", "path": ["monitoring", "0d252db4", "cpu"], "values": [{"value": 8.0, "step": null, "ts": 1685708139.365525}]}, "version": 164}
{"obj": {"type": "LogFloats", "path": ["monitoring", "0d252db4", "memory"], "values": [{"value": 10.114814758300781, "step": null, "ts": 1685708139.365525}]}, "version": 165}
{"obj": {"type": "LogFloats", "path": ["monitoring", "0d252db4", "gpu"], "values": [{"value": 22.0, "step": null, "ts": 1685708139.365525}]}, "version": 166}
{"obj": {"type": "LogFloats", "path": ["monitoring", "0d252db4", "gpu_memory"], "values": [{"value": 1.56793212890625, "step": null, "ts": 1685708139.365525}]}, "version": 167}
{"obj": {"type": "LogFloats", "path": ["monitoring", "0d252db4", "cpu"], "values": [{"value": 7.6, "step": null, "ts": 1685708149.3907866}]}, "version": 168}
{"obj": {"type": "LogFloats", "path": ["monitoring", "0d252db4", "memory"], "values": [{"value": 10.096092224121094, "step": null, "ts": 1685708149.3907866}]}, "version": 169}
{"obj": {"type": "LogFloats", "path": ["monitoring", "0d252db4", "gpu"], "values": [{"value": 22.0, "step": null, "ts": 1685708149.3907866}]}, "version": 170}
{"obj": {"type": "LogFloats", "path": ["monitoring", "0d252db4", "gpu_memory"], "values": [{"value": 1.57720947265625, "step": null, "ts": 1685708149.3907866}]}, "version": 171}
{"obj": {"type": "LogFloats", "path": ["monitoring", "0d252db4", "cpu"], "values": [{"value": 11.7, "step": null, "ts": 1685708159.4147527}]}, "version": 172}
{"obj": {"type": "LogFloats", "path": ["monitoring", "0d252db4", "memory"], "values": [{"value": 10.093341827392578, "step": null, "ts": 1685708159.4147527}]}, "version": 173}
{"obj": {"type": "LogFloats", "path": ["monitoring", "0d252db4", "gpu"], "values": [{"value": 42.0, "step": null, "ts": 1685708159.4147527}]}, "version": 174}
{"obj": {"type": "LogFloats", "path": ["monitoring", "0d252db4", "gpu_memory"], "values": [{"value": 1.57720947265625, "step": null, "ts": 1685708159.4147527}]}, "version": 175}
{"obj": {"type": "LogFloats", "path": ["monitoring", "0d252db4", "cpu"], "values": [{"value": 8.4, "step": null, "ts": 1685708169.4450603}]}, "version": 176}
{"obj": {"type": "LogFloats", "path": ["monitoring", "0d252db4", "memory"], "values": [{"value": 10.089492797851562, "step": null, "ts": 1685708169.4450603}]}, "version": 177}
{"obj": {"type": "LogFloats", "path": ["monitoring", "0d252db4", "gpu"], "values": [{"value": 17.0, "step": null, "ts": 1685708169.4450603}]}, "version": 178}
{"obj": {"type": "LogFloats", "path": ["monitoring", "0d252db4", "gpu_memory"], "values": [{"value": 1.57720947265625, "step": null, "ts": 1685708169.4450603}]}, "version": 179}
{"obj": {"type": "LogFloats", "path": ["monitoring", "0d252db4", "cpu"], "values": [{"value": 9.5, "step": null, "ts": 1685708179.4627702}]}, "version": 180}
{"obj": {"type": "LogFloats", "path": ["monitoring", "0d252db4", "memory"], "values": [{"value": 10.091094970703125, "step": null, "ts": 1685708179.4627702}]}, "version": 181}
{"obj": {"type": "LogFloats", "path": ["monitoring", "0d252db4", "gpu"], "values": [{"value": 43.0, "step": null, "ts": 1685708179.4627702}]}, "version": 182}
{"obj": {"type": "LogFloats", "path": ["monitoring", "0d252db4", "gpu_memory"], "values": [{"value": 1.57720947265625, "step": null, "ts": 1685708179.4627702}]}, "version": 183}
{"obj": {"type": "LogFloats", "path": ["monitoring", "0d252db4", "cpu"], "values": [{"value": 6.9, "step": null, "ts": 1685708189.505168}]}, "version": 184}
{"obj": {"type": "LogFloats", "path": ["monitoring", "0d252db4", "memory"], "values": [{"value": 10.12051773071289, "step": null, "ts": 1685708189.505168}]}, "version": 185}
{"obj": {"type": "LogFloats", "path": ["monitoring", "0d252db4", "gpu"], "values": [{"value": 18.0, "step": null, "ts": 1685708189.505168}]}, "version": 186}
{"obj": {"type": "LogFloats", "path": ["monitoring", "0d252db4", "gpu_memory"], "values": [{"value": 1.57720947265625, "step": null, "ts": 1685708189.505168}]}, "version": 187}
{"obj": {"type": "LogFloats", "path": ["monitoring", "0d252db4", "cpu"], "values": [{"value": 7.9, "step": null, "ts": 1685708199.531533}]}, "version": 188}
{"obj": {"type": "LogFloats", "path": ["monitoring", "0d252db4", "memory"], "values": [{"value": 10.108314514160156, "step": null, "ts": 1685708199.531533}]}, "version": 189}
{"obj": {"type": "LogFloats", "path": ["monitoring", "0d252db4", "gpu"], "values": [{"value": 19.0, "step": null, "ts": 1685708199.531533}]}, "version": 190}
{"obj": {"type": "LogFloats", "path": ["monitoring", "0d252db4", "gpu_memory"], "values": [{"value": 1.57720947265625, "step": null, "ts": 1685708199.531533}]}, "version": 191}
