{"obj": {"type": "AssignString", "path": ["sys", "name"], "value": "Untitled"}, "version": 1}
{"obj": {"type": "AssignString", "path": ["sys", "description"], "value": ""}, "version": 2}
{"obj": {"type": "AssignString", "path": ["monitoring", "d4f4d2f3", "hostname"], "value": "DESKTOP-U7Q4VER"}, "version": 3}
{"obj": {"type": "AssignString", "path": ["sys", "hostname"], "value": "DESKTOP-U7Q4VER"}, "version": 4}
{"obj": {"type": "AssignString", "path": ["monitoring", "d4f4d2f3", "pid"], "value": "31384"}, "version": 5}
{"obj": {"type": "AssignString", "path": ["monitoring", "d4f4d2f3", "tid"], "value": "43500"}, "version": 6}
{"obj": {"type": "AssignBool", "path": ["sys", "failed"], "value": false}, "version": 7}
{"obj": {"type": "ClearStringLog", "path": ["monitoring", "d4f4d2f3", "stdout"]}, "version": 8}
{"obj": {"type": "ClearStringLog", "path": ["monitoring", "d4f4d2f3", "stderr"]}, "version": 9}
{"obj": {"type": "AssignString", "path": ["source_code", "entrypoint"], "value": "multi-step-ViT/train.py"}, "version": 10}
{"obj": {"type": "UploadFileSet", "path": ["source_code", "files"], "file_globs": ["C:\\Users\\Quinten Vroemen\\Documents\\MV_codespace\\BEP_MIA_DIR\\*.py", "C:\\Users\\Quinten Vroemen\\Documents\\MV_codespace\\BEP_MIA_DIR\\utils\\*.py", "C:\\Users\\Quinten Vroemen\\Documents\\MV_codespace\\BEP_MIA_DIR\\model\\***", "C:\\Users\\Quinten Vroemen\\Documents\\MV_codespace\\BEP_MIA_DIR\\datasets\\*.py", "C:\\Users\\Quinten Vroemen\\Documents\\MV_codespace\\BEP_MIA_DIR\\evaluation\\*.py", "C:\\Users\\Quinten Vroemen\\Documents\\MV_codespace\\BEP_MIA_DIR\\executor\\*.py"], "reset": "False"}, "version": 11}
{"obj": {"type": "ConfigFloatSeries", "path": ["monitoring", "d4f4d2f3", "cpu"], "min": 0.0, "max": 100.0, "unit": "%"}, "version": 12}
{"obj": {"type": "ClearFloatLog", "path": ["monitoring", "d4f4d2f3", "cpu"]}, "version": 13}
{"obj": {"type": "ConfigFloatSeries", "path": ["monitoring", "d4f4d2f3", "memory"], "min": 0.0, "max": 15.947399139404297, "unit": "GB"}, "version": 14}
{"obj": {"type": "ClearFloatLog", "path": ["monitoring", "d4f4d2f3", "memory"]}, "version": 15}
{"obj": {"type": "ConfigFloatSeries", "path": ["monitoring", "d4f4d2f3", "gpu"], "min": 0.0, "max": 100.0, "unit": "%"}, "version": 16}
{"obj": {"type": "ClearFloatLog", "path": ["monitoring", "d4f4d2f3", "gpu"]}, "version": 17}
{"obj": {"type": "ConfigFloatSeries", "path": ["monitoring", "d4f4d2f3", "gpu_memory"], "min": 0.0, "max": 8.0, "unit": "GB"}, "version": 18}
{"obj": {"type": "ClearFloatLog", "path": ["monitoring", "d4f4d2f3", "gpu_memory"]}, "version": 19}
{"obj": {"type": "AssignString", "path": ["parameters", "network"], "value": "msvit"}, "version": 20}
{"obj": {"type": "AssignString", "path": ["parameters", "root_checkpoints"], "value": "C:/Users/Quinten Vroemen/Documents/MV_codespace/BEP_MIA_DIR/multi-step-ViT/checkpoints"}, "version": 21}
{"obj": {"type": "AssignString", "path": ["parameters", "root_output"], "value": "C:/Users/Quinten Vroemen/Documents/MV_codespace/BEP_MIA_DIR/multi-step-ViT/output/model_val_metrics"}, "version": 22}
{"obj": {"type": "AssignString", "path": ["parameters", "root_data"], "value": "C:/Users/Quinten Vroemen/Documents/MV_codespace/BEP_MIA_DIR/4DCT/data"}, "version": 23}
{"obj": {"type": "AssignInt", "path": ["parameters", "random_seed"], "value": 1000}, "version": 24}
{"obj": {"type": "AssignString", "path": ["parameters", "device"], "value": "cuda"}, "version": 25}
{"obj": {"type": "AssignString", "path": ["parameters", "mode_neptune"], "value": "async"}, "version": 26}
{"obj": {"type": "AssignInt", "path": ["parameters", "vit_steps"], "value": 2}, "version": 27}
{"obj": {"type": "AssignString", "path": ["parameters", "similarity_loss"], "value": "ncc"}, "version": 28}
{"obj": {"type": "AssignFloat", "path": ["parameters", "learning_rate"], "value": 0.0001}, "version": 29}
{"obj": {"type": "AssignInt", "path": ["parameters", "reg_weight"], "value": 1}, "version": 30}
{"obj": {"type": "AssignInt", "path": ["parameters", "epochs"], "value": 10}, "version": 31}
{"obj": {"type": "AssignInt", "path": ["parameters", "batch_size"], "value": 1}, "version": 32}
{"obj": {"type": "AssignString", "path": ["parameters", "dataset"], "value": "lung"}, "version": 33}
{"obj": {"type": "AssignString", "path": ["parameters", "version"], "value": ""}, "version": 34}
{"obj": {"type": "AssignBool", "path": ["parameters", "overfit"], "value": false}, "version": 35}
{"obj": {"type": "AssignString", "path": ["parameters", "mode"], "value": "train"}, "version": 36}
{"obj": {"type": "LogStrings", "path": ["monitoring", "d4f4d2f3", "stderr"], "values": [{"value": "C:\\Users\\Quinten Vroemen\\anaconda\\envs\\BEPpytorch\\Lib\\site-packages\\neptune\\common\\warnings.py:62: NeptuneUnsupportedType: You're attempting to log a type that is not directly supported by Neptune (<class 'list'>).\n        Convert the value to a supported type, such as a string or float, or use stringify_unsupported(obj)\n        for dictionaries or collections that contain unsupported values.\n        For more, see https://docs.neptune.ai/help/value_of_unsupported_type\n  warnings.warn(\n", "step": null, "ts": 1685708222.3850315}]}, "version": 37}
{"obj": {"type": "LogFloats", "path": ["monitoring", "d4f4d2f3", "cpu"], "values": [{"value": 19.5, "step": null, "ts": 1685708222.3670259}]}, "version": 38}
{"obj": {"type": "LogFloats", "path": ["monitoring", "d4f4d2f3", "memory"], "values": [{"value": 9.794490814208984, "step": null, "ts": 1685708222.3670259}]}, "version": 39}
{"obj": {"type": "LogFloats", "path": ["monitoring", "d4f4d2f3", "gpu_memory"], "values": [{"value": 0.9514198303222656, "step": null, "ts": 1685708222.3670259}]}, "version": 40}
{"obj": {"type": "AssignInt", "path": ["dataset", "size"], "value": 18}, "version": 41}
{"obj": {"type": "LogStrings", "path": ["monitoring", "d4f4d2f3", "stderr"], "values": [{"value": "C:\\Users\\Quinten Vroemen\\anaconda\\envs\\BEPpytorch\\Lib\\site-packages\\torch\\functional.py:504: UserWarning: torch.meshgrid: in an upcoming release, it will be required to pass the indexing argument. (Triggered internally at C:\\cb\\pytorch_1000000000000\\work\\aten\\src\\ATen\\native\\TensorShape.cpp:3484.)\n  return _VF.meshgrid(tensors, **kwargs)  # type: ignore[attr-defined]\n", "step": null, "ts": 1685708223.018173}]}, "version": 42}
{"obj": {"type": "AssignInt", "path": ["model", "trainable_params"], "value": 13875942}, "version": 43}
{"obj": {"type": "LogStrings", "path": ["monitoring", "d4f4d2f3", "stderr"], "values": [{"value": "C:\\Users\\Quinten Vroemen\\anaconda\\envs\\BEPpytorch\\Lib\\site-packages\\neptune\\common\\warnings.py:62: NeptuneUnsupportedType: You're attempting to log a type that is not directly supported by Neptune (<class 'model.MultiStepViT.MultiStepViT.MultiStepViT'>).\n        Convert the value to a supported type, such as a string or float, or use stringify_unsupported(obj)\n        for dictionaries or collections that contain unsupported values.\n        For more, see https://docs.neptune.ai/help/value_of_unsupported_type\n  warnings.warn(\n", "step": null, "ts": 1685708223.266229}]}, "version": 44}
{"obj": {"type": "LogStrings", "path": ["monitoring", "d4f4d2f3", "stdout"], "values": [{"value": "\n----- Training -----", "step": null, "ts": 1685708223.8023484}]}, "version": 45}
{"obj": {"type": "LogStrings", "path": ["monitoring", "d4f4d2f3", "stdout"], "values": [{"value": "\n", "step": null, "ts": 1685708223.809351}]}, "version": 46}
{"obj": {"type": "LogStrings", "path": ["monitoring", "d4f4d2f3", "stdout"], "values": [{"value": "\r  0%|                                                                                                                                                                                        | 0/18 [00:00<?, ?it/s]", "step": null, "ts": 1685708223.8163526}]}, "version": 47}
{"obj": {"type": "LogFloats", "path": ["monitoring", "d4f4d2f3", "cpu"], "values": [{"value": 14.1, "step": null, "ts": 1685708232.3969333}]}, "version": 48}
{"obj": {"type": "LogFloats", "path": ["monitoring", "d4f4d2f3", "memory"], "values": [{"value": 10.181266784667969, "step": null, "ts": 1685708232.3969333}]}, "version": 49}
{"obj": {"type": "LogFloats", "path": ["monitoring", "d4f4d2f3", "gpu"], "values": [{"value": 100.0, "step": null, "ts": 1685708232.3969333}]}, "version": 50}
{"obj": {"type": "LogFloats", "path": ["monitoring", "d4f4d2f3", "gpu_memory"], "values": [{"value": 1.4590721130371094, "step": null, "ts": 1685708232.3969333}]}, "version": 51}
{"obj": {"type": "LogFloats", "path": ["monitoring", "d4f4d2f3", "cpu"], "values": [{"value": 14.5, "step": null, "ts": 1685708242.4179468}]}, "version": 52}
{"obj": {"type": "LogFloats", "path": ["monitoring", "d4f4d2f3", "memory"], "values": [{"value": 10.185680389404297, "step": null, "ts": 1685708242.4179468}]}, "version": 53}
{"obj": {"type": "LogFloats", "path": ["monitoring", "d4f4d2f3", "gpu"], "values": [{"value": 100.0, "step": null, "ts": 1685708242.4179468}]}, "version": 54}
{"obj": {"type": "LogFloats", "path": ["monitoring", "d4f4d2f3", "gpu_memory"], "values": [{"value": 1.375762939453125, "step": null, "ts": 1685708242.4179468}]}, "version": 55}
{"obj": {"type": "LogFloats", "path": ["monitoring", "d4f4d2f3", "cpu"], "values": [{"value": 13.7, "step": null, "ts": 1685708252.4401157}]}, "version": 56}
{"obj": {"type": "LogFloats", "path": ["monitoring", "d4f4d2f3", "memory"], "values": [{"value": 10.153900146484375, "step": null, "ts": 1685708252.4401157}]}, "version": 57}
{"obj": {"type": "LogFloats", "path": ["monitoring", "d4f4d2f3", "gpu"], "values": [{"value": 100.0, "step": null, "ts": 1685708252.4401157}]}, "version": 58}
{"obj": {"type": "LogFloats", "path": ["monitoring", "d4f4d2f3", "gpu_memory"], "values": [{"value": 1.397216796875, "step": null, "ts": 1685708252.4401157}]}, "version": 59}
{"obj": {"type": "LogFloats", "path": ["monitoring", "d4f4d2f3", "cpu"], "values": [{"value": 13.6, "step": null, "ts": 1685708262.47291}]}, "version": 60}
{"obj": {"type": "LogFloats", "path": ["monitoring", "d4f4d2f3", "memory"], "values": [{"value": 10.145626068115234, "step": null, "ts": 1685708262.47291}]}, "version": 61}
{"obj": {"type": "LogFloats", "path": ["monitoring", "d4f4d2f3", "gpu"], "values": [{"value": 100.0, "step": null, "ts": 1685708262.47291}]}, "version": 62}
{"obj": {"type": "LogFloats", "path": ["monitoring", "d4f4d2f3", "gpu_memory"], "values": [{"value": 1.3968505859375, "step": null, "ts": 1685708262.47291}]}, "version": 63}
{"obj": {"type": "LogFloats", "path": ["monitoring", "d4f4d2f3", "cpu"], "values": [{"value": 14.3, "step": null, "ts": 1685708272.4949417}]}, "version": 64}
{"obj": {"type": "LogFloats", "path": ["monitoring", "d4f4d2f3", "memory"], "values": [{"value": 10.137908935546875, "step": null, "ts": 1685708272.4949417}]}, "version": 65}
{"obj": {"type": "LogFloats", "path": ["monitoring", "d4f4d2f3", "gpu"], "values": [{"value": 100.0, "step": null, "ts": 1685708272.4949417}]}, "version": 66}
{"obj": {"type": "LogFloats", "path": ["monitoring", "d4f4d2f3", "gpu_memory"], "values": [{"value": 1.50091552734375, "step": null, "ts": 1685708272.4949417}]}, "version": 67}
{"obj": {"type": "LogFloats", "path": ["monitoring", "d4f4d2f3", "cpu"], "values": [{"value": 7.1, "step": null, "ts": 1685708282.5193896}]}, "version": 68}
{"obj": {"type": "LogFloats", "path": ["monitoring", "d4f4d2f3", "memory"], "values": [{"value": 10.149890899658203, "step": null, "ts": 1685708282.5193896}]}, "version": 69}
{"obj": {"type": "LogFloats", "path": ["monitoring", "d4f4d2f3", "gpu"], "values": [{"value": 36.0, "step": null, "ts": 1685708282.5193896}]}, "version": 70}
{"obj": {"type": "LogFloats", "path": ["monitoring", "d4f4d2f3", "gpu_memory"], "values": [{"value": 1.5914306640625, "step": null, "ts": 1685708282.5193896}]}, "version": 71}
{"obj": {"type": "LogFloats", "path": ["monitoring", "d4f4d2f3", "cpu"], "values": [{"value": 7.1, "step": null, "ts": 1685708292.5506852}]}, "version": 72}
{"obj": {"type": "LogFloats", "path": ["monitoring", "d4f4d2f3", "memory"], "values": [{"value": 10.142993927001953, "step": null, "ts": 1685708292.5506852}]}, "version": 73}
{"obj": {"type": "LogFloats", "path": ["monitoring", "d4f4d2f3", "gpu"], "values": [{"value": 8.0, "step": null, "ts": 1685708292.5506852}]}, "version": 74}
{"obj": {"type": "LogFloats", "path": ["monitoring", "d4f4d2f3", "gpu_memory"], "values": [{"value": 1.58154296875, "step": null, "ts": 1685708292.5506852}]}, "version": 75}
