{"obj": {"type": "AssignString", "path": ["sys", "name"], "value": "Untitled"}, "version": 1}
{"obj": {"type": "AssignString", "path": ["sys", "description"], "value": ""}, "version": 2}
{"obj": {"type": "AssignString", "path": ["monitoring", "a6110933", "hostname"], "value": "bme-gpuC001"}, "version": 3}
{"obj": {"type": "AssignString", "path": ["sys", "hostname"], "value": "bme-gpuC001"}, "version": 4}
{"obj": {"type": "AssignString", "path": ["monitoring", "a6110933", "pid"], "value": "1227463"}, "version": 5}
{"obj": {"type": "AssignString", "path": ["monitoring", "a6110933", "tid"], "value": "46912496392384"}, "version": 6}
{"obj": {"type": "AssignBool", "path": ["sys", "failed"], "value": false}, "version": 7}
{"obj": {"type": "ClearStringLog", "path": ["monitoring", "a6110933", "stdout"]}, "version": 8}
{"obj": {"type": "ClearStringLog", "path": ["monitoring", "a6110933", "stderr"]}, "version": 9}
{"obj": {"type": "AssignString", "path": ["source_code", "entrypoint"], "value": "/home/bme001/20203531/BEP/BEP_MIA_DIR/BEP_MIA_DIR/multi-step-ViT/train_gryds.py"}, "version": 10}
{"obj": {"type": "UploadFileSet", "path": ["source_code", "files"], "file_globs": ["/home/bme001/20203531/BEP/BEP_MIA_DIR/BEP_MIA_DIR/BEP_MIA_DIR/multi-step-ViT/*.py", "/home/bme001/20203531/BEP/BEP_MIA_DIR/BEP_MIA_DIR/BEP_MIA_DIR/multi-step-ViT/utils/*.py", "/home/bme001/20203531/BEP/BEP_MIA_DIR/BEP_MIA_DIR/BEP_MIA_DIR/multi-step-ViT/model/***", "/home/bme001/20203531/BEP/BEP_MIA_DIR/BEP_MIA_DIR/BEP_MIA_DIR/multi-step-ViT/datasets/*.py", "/home/bme001/20203531/BEP/BEP_MIA_DIR/BEP_MIA_DIR/BEP_MIA_DIR/multi-step-ViT/evaluation/*.py", "/home/bme001/20203531/BEP/BEP_MIA_DIR/BEP_MIA_DIR/BEP_MIA_DIR/multi-step-ViT/executor/*.py", "/home/bme001/20203531/BEP/BEP_MIA_DIR/BEP_MIA_DIR/BEP_MIA_DIR/multi-step-ViT/train.py"], "reset": "False"}, "version": 11}
{"obj": {"type": "ConfigFloatSeries", "path": ["monitoring", "a6110933", "cpu"], "min": 0.0, "max": 100.0, "unit": "%"}, "version": 12}
{"obj": {"type": "ClearFloatLog", "path": ["monitoring", "a6110933", "cpu"]}, "version": 13}
{"obj": {"type": "ConfigFloatSeries", "path": ["monitoring", "a6110933", "memory"], "min": 0.0, "max": 376.57294845581055, "unit": "GB"}, "version": 14}
{"obj": {"type": "ClearFloatLog", "path": ["monitoring", "a6110933", "memory"]}, "version": 15}
{"obj": {"type": "ConfigFloatSeries", "path": ["monitoring", "a6110933", "gpu"], "min": 0.0, "max": 100.0, "unit": "%"}, "version": 16}
{"obj": {"type": "ClearFloatLog", "path": ["monitoring", "a6110933", "gpu"]}, "version": 17}
{"obj": {"type": "ConfigFloatSeries", "path": ["monitoring", "a6110933", "gpu_memory"], "min": 0.0, "max": 11.0, "unit": "GB"}, "version": 18}
{"obj": {"type": "ClearFloatLog", "path": ["monitoring", "a6110933", "gpu_memory"]}, "version": 19}
{"obj": {"type": "LogFloats", "path": ["monitoring", "a6110933", "cpu"], "values": [{"value": 30.8, "step": null, "ts": 1686742730.4210267}]}, "version": 20}
{"obj": {"type": "LogFloats", "path": ["monitoring", "a6110933", "memory"], "values": [{"value": 30.721332550048828, "step": null, "ts": 1686742730.4210267}]}, "version": 21}
{"obj": {"type": "LogFloats", "path": ["monitoring", "a6110933", "gpu_memory"], "values": [{"value": 0.23883056640625, "step": null, "ts": 1686742730.4210267}]}, "version": 22}
{"obj": {"type": "AssignString", "path": ["parameters", "network"], "value": "msvit"}, "version": 23}
{"obj": {"type": "AssignString", "path": ["parameters", "root_checkpoints"], "value": "/home/bme001/20203531/BEP/BEP_MIA_DIR/BEP_MIA_DIR/multi-step-ViT/checkpoints"}, "version": 24}
{"obj": {"type": "AssignString", "path": ["parameters", "root_output"], "value": "/home/bme001/20203531/BEP/BEP_MIA_DIR/BEP_MIA_DIR/multi-step-ViT/output/model_val_metrics"}, "version": 25}
{"obj": {"type": "AssignString", "path": ["parameters", "root_data"], "value": "/home/bme001/20203531/BEP/BEP_MIA_DIR/BEP_MIA_DIR/4DCT/data"}, "version": 26}
{"obj": {"type": "AssignInt", "path": ["parameters", "random_seed"], "value": 1000}, "version": 27}
{"obj": {"type": "AssignString", "path": ["parameters", "device"], "value": "cuda"}, "version": 28}
{"obj": {"type": "AssignString", "path": ["parameters", "mode_neptune"], "value": "async"}, "version": 29}
{"obj": {"type": "AssignInt", "path": ["parameters", "vit_steps"], "value": 2}, "version": 30}
{"obj": {"type": "AssignString", "path": ["parameters", "similarity_loss"], "value": "ncc"}, "version": 31}
{"obj": {"type": "AssignFloat", "path": ["parameters", "learning_rate"], "value": 0.0001}, "version": 32}
{"obj": {"type": "AssignInt", "path": ["parameters", "reg_weight"], "value": 1}, "version": 33}
{"obj": {"type": "AssignInt", "path": ["parameters", "epochs"], "value": 50}, "version": 34}
{"obj": {"type": "AssignInt", "path": ["parameters", "batch_size"], "value": 1}, "version": 35}
{"obj": {"type": "AssignString", "path": ["parameters", "dataset"], "value": "lung"}, "version": 36}
{"obj": {"type": "AssignString", "path": ["parameters", "version"], "value": ""}, "version": 37}
{"obj": {"type": "AssignBool", "path": ["parameters", "overfit"], "value": false}, "version": 38}
{"obj": {"type": "AssignString", "path": ["parameters", "augmentation"], "value": "gryds"}, "version": 39}
{"obj": {"type": "AssignString", "path": ["parameters", "augment_type"], "value": "GrydsPhysicsInformed"}, "version": 40}
{"obj": {"type": "AssignString", "path": ["parameters", "mode"], "value": "train"}, "version": 41}
{"obj": {"type": "LogStrings", "path": ["monitoring", "a6110933", "stderr"], "values": [{"value": "You're attempting to log a type that is not directly supported by Neptune (<class 'list'>).\n        Convert the value to a supported type, such as a string or float, or use stringify_unsupported(obj)\n        for dictionaries or collections that contain unsupported values.\n        For more, see https://docs.neptune.ai/help/value_of_unsupported_type\n", "step": null, "ts": 1686742730.4431922}]}, "version": 42}
{"obj": {"type": "LogStrings", "path": ["monitoring", "a6110933", "stderr"], "values": [{"value": "torch.meshgrid: in an upcoming release, it will be required to pass the indexing argument. (Triggered internally at /opt/conda/conda-bld/pytorch_1678402411778/work/aten/src/ATen/native/TensorShape.cpp:3483.)\n", "step": null, "ts": 1686742730.4765863}]}, "version": 43}
{"obj": {"type": "LogStrings", "path": ["monitoring", "a6110933", "stdout"], "values": [{"value": "Training dataset size: ", "step": null, "ts": 1686742731.2114549}]}, "version": 44}
{"obj": {"type": "LogStrings", "path": ["monitoring", "a6110933", "stdout"], "values": [{"value": " ", "step": null, "ts": 1686742731.2465699}]}, "version": 45}
{"obj": {"type": "LogStrings", "path": ["monitoring", "a6110933", "stdout"], "values": [{"value": "18", "step": null, "ts": 1686742731.247959}]}, "version": 46}
{"obj": {"type": "LogStrings", "path": ["monitoring", "a6110933", "stdout"], "values": [{"value": "\n", "step": null, "ts": 1686742731.2483077}]}, "version": 47}
{"obj": {"type": "AssignInt", "path": ["dataset", "size"], "value": 18}, "version": 48}
{"obj": {"type": "AssignInt", "path": ["model", "trainable_params"], "value": 13875942}, "version": 49}
{"obj": {"type": "LogStrings", "path": ["monitoring", "a6110933", "stderr"], "values": [{"value": "You're attempting to log a type that is not directly supported by Neptune (<class 'model.MultiStepViT.MultiStepViT.MultiStepViT'>).\n        Convert the value to a supported type, such as a string or float, or use stringify_unsupported(obj)\n        for dictionaries or collections that contain unsupported values.\n        For more, see https://docs.neptune.ai/help/value_of_unsupported_type\n", "step": null, "ts": 1686742732.1094027}]}, "version": 50}
{"obj": {"type": "AssignString", "path": ["model", "path"], "value": "/home/bme001/20203531/BEP/BEP_MIA_DIR/BEP_MIA_DIR/multi-step-ViT/checkpoints/VIT-73/VIT-73_msvit_ep-0000.pt"}, "version": 51}
{"obj": {"type": "LogStrings", "path": ["monitoring", "a6110933", "stdout"], "values": [{"value": "\n----- Training -----", "step": null, "ts": 1686742734.4796183}]}, "version": 52}
{"obj": {"type": "LogStrings", "path": ["monitoring", "a6110933", "stdout"], "values": [{"value": "\n", "step": null, "ts": 1686742734.48018}]}, "version": 53}
{"obj": {"type": "LogStrings", "path": ["monitoring", "a6110933", "stdout"], "values": [{"value": "\r  0%|          | 0/18 [00:00<?, ?it/s]", "step": null, "ts": 1686742734.4837844}]}, "version": 54}
{"obj": {"type": "LogFloats", "path": ["monitoring", "a6110933", "cpu"], "values": [{"value": 29.4, "step": null, "ts": 1686742740.4258964}]}, "version": 55}
{"obj": {"type": "LogFloats", "path": ["monitoring", "a6110933", "memory"], "values": [{"value": 31.016395568847656, "step": null, "ts": 1686742740.4258964}]}, "version": 56}
{"obj": {"type": "LogFloats", "path": ["monitoring", "a6110933", "gpu_memory"], "values": [{"value": 0.63812255859375, "step": null, "ts": 1686742740.4258964}]}, "version": 57}
{"obj": {"type": "LogFloats", "path": ["monitoring", "a6110933", "cpu"], "values": [{"value": 31.2, "step": null, "ts": 1686742750.428531}]}, "version": 58}
{"obj": {"type": "LogFloats", "path": ["monitoring", "a6110933", "memory"], "values": [{"value": 30.957237243652344, "step": null, "ts": 1686742750.428531}]}, "version": 59}
{"obj": {"type": "LogFloats", "path": ["monitoring", "a6110933", "gpu_memory"], "values": [{"value": 0.71234130859375, "step": null, "ts": 1686742750.428531}]}, "version": 60}
{"obj": {"type": "LogFloats", "path": ["monitoring", "a6110933", "cpu"], "values": [{"value": 31.6, "step": null, "ts": 1686742760.4325356}]}, "version": 61}
{"obj": {"type": "LogFloats", "path": ["monitoring", "a6110933", "memory"], "values": [{"value": 31.09477996826172, "step": null, "ts": 1686742760.4325356}]}, "version": 62}
{"obj": {"type": "LogFloats", "path": ["monitoring", "a6110933", "gpu_memory"], "values": [{"value": 0.92523193359375, "step": null, "ts": 1686742760.4325356}]}, "version": 63}
{"obj": {"type": "LogFloats", "path": ["monitoring", "a6110933", "cpu"], "values": [{"value": 31.2, "step": null, "ts": 1686742770.4935899}]}, "version": 64}
{"obj": {"type": "LogFloats", "path": ["monitoring", "a6110933", "memory"], "values": [{"value": 31.059295654296875, "step": null, "ts": 1686742770.4935899}]}, "version": 65}
{"obj": {"type": "LogFloats", "path": ["monitoring", "a6110933", "gpu"], "values": [{"value": 100.0, "step": null, "ts": 1686742770.4935899}]}, "version": 66}
{"obj": {"type": "LogFloats", "path": ["monitoring", "a6110933", "gpu_memory"], "values": [{"value": 0.79046630859375, "step": null, "ts": 1686742770.4935899}]}, "version": 67}
{"obj": {"type": "LogFloats", "path": ["monitoring", "a6110933", "cpu"], "values": [{"value": 31.8, "step": null, "ts": 1686742780.5581338}]}, "version": 68}
{"obj": {"type": "LogFloats", "path": ["monitoring", "a6110933", "memory"], "values": [{"value": 31.04149627685547, "step": null, "ts": 1686742780.5581338}]}, "version": 69}
{"obj": {"type": "LogFloats", "path": ["monitoring", "a6110933", "gpu"], "values": [{"value": 100.0, "step": null, "ts": 1686742780.5581338}]}, "version": 70}
{"obj": {"type": "LogFloats", "path": ["monitoring", "a6110933", "gpu_memory"], "values": [{"value": 0.79046630859375, "step": null, "ts": 1686742780.5581338}]}, "version": 71}
{"obj": {"type": "LogFloats", "path": ["monitoring", "a6110933", "cpu"], "values": [{"value": 31.4, "step": null, "ts": 1686742790.622495}]}, "version": 72}
{"obj": {"type": "LogFloats", "path": ["monitoring", "a6110933", "memory"], "values": [{"value": 31.074417114257812, "step": null, "ts": 1686742790.622495}]}, "version": 73}
{"obj": {"type": "LogFloats", "path": ["monitoring", "a6110933", "gpu"], "values": [{"value": 100.0, "step": null, "ts": 1686742790.622495}]}, "version": 74}
{"obj": {"type": "LogFloats", "path": ["monitoring", "a6110933", "gpu_memory"], "values": [{"value": 0.79046630859375, "step": null, "ts": 1686742790.622495}]}, "version": 75}
{"obj": {"type": "LogFloats", "path": ["monitoring", "a6110933", "cpu"], "values": [{"value": 32.0, "step": null, "ts": 1686742800.710527}]}, "version": 76}
{"obj": {"type": "LogFloats", "path": ["monitoring", "a6110933", "memory"], "values": [{"value": 31.052806854248047, "step": null, "ts": 1686742800.710527}]}, "version": 77}
{"obj": {"type": "LogFloats", "path": ["monitoring", "a6110933", "gpu"], "values": [{"value": 100.0, "step": null, "ts": 1686742800.710527}]}, "version": 78}
{"obj": {"type": "LogFloats", "path": ["monitoring", "a6110933", "gpu_memory"], "values": [{"value": 0.89202880859375, "step": null, "ts": 1686742800.710527}]}, "version": 79}
{"obj": {"type": "LogStrings", "path": ["monitoring", "a6110933", "stdout"], "values": [{"value": "\r  6%|\u258c         | 1/18 [01:12<20:30, 72.38s/it]", "step": null, "ts": 1686742806.8653193}]}, "version": 80}
{"obj": {"type": "LogFloats", "path": ["monitoring", "a6110933", "cpu"], "values": [{"value": 30.2, "step": null, "ts": 1686742810.8245027}]}, "version": 81}
{"obj": {"type": "LogFloats", "path": ["monitoring", "a6110933", "memory"], "values": [{"value": 31.215229034423828, "step": null, "ts": 1686742810.8245027}]}, "version": 82}
{"obj": {"type": "LogFloats", "path": ["monitoring", "a6110933", "gpu_memory"], "values": [{"value": 0.88812255859375, "step": null, "ts": 1686742810.8245027}]}, "version": 83}
{"obj": {"type": "LogFloats", "path": ["monitoring", "a6110933", "cpu"], "values": [{"value": 31.7, "step": null, "ts": 1686742820.893499}]}, "version": 84}
{"obj": {"type": "LogFloats", "path": ["monitoring", "a6110933", "memory"], "values": [{"value": 31.141189575195312, "step": null, "ts": 1686742820.893499}]}, "version": 85}
{"obj": {"type": "LogFloats", "path": ["monitoring", "a6110933", "gpu_memory"], "values": [{"value": 0.96234130859375, "step": null, "ts": 1686742820.893499}]}, "version": 86}
{"obj": {"type": "LogFloats", "path": ["monitoring", "a6110933", "cpu"], "values": [{"value": 31.0, "step": null, "ts": 1686742830.9615178}]}, "version": 87}
{"obj": {"type": "LogFloats", "path": ["monitoring", "a6110933", "memory"], "values": [{"value": 31.24929428100586, "step": null, "ts": 1686742830.9615178}]}, "version": 88}
{"obj": {"type": "LogFloats", "path": ["monitoring", "a6110933", "gpu_memory"], "values": [{"value": 1.11077880859375, "step": null, "ts": 1686742830.9615178}]}, "version": 89}
{"obj": {"type": "LogStrings", "path": ["monitoring", "a6110933", "stdout"], "values": [{"value": "\r 11%|\u2588         | 2/18 [01:39<12:14, 45.88s/it]", "step": null, "ts": 1686742834.1892488}]}, "version": 90}
{"obj": {"type": "LogFloats", "path": ["monitoring", "a6110933", "cpu"], "values": [{"value": 31.6, "step": null, "ts": 1686742841.0246303}]}, "version": 91}
{"obj": {"type": "LogFloats", "path": ["monitoring", "a6110933", "memory"], "values": [{"value": 31.14096450805664, "step": null, "ts": 1686742841.0246303}]}, "version": 92}
{"obj": {"type": "LogFloats", "path": ["monitoring", "a6110933", "gpu_memory"], "values": [{"value": 1.32366943359375, "step": null, "ts": 1686742841.0246303}]}, "version": 93}
{"obj": {"type": "LogFloats", "path": ["monitoring", "a6110933", "cpu"], "values": [{"value": 32.1, "step": null, "ts": 1686742851.027134}]}, "version": 94}
{"obj": {"type": "LogFloats", "path": ["monitoring", "a6110933", "memory"], "values": [{"value": 31.26422882080078, "step": null, "ts": 1686742851.027134}]}, "version": 95}
{"obj": {"type": "LogFloats", "path": ["monitoring", "a6110933", "gpu_memory"], "values": [{"value": 1.32366943359375, "step": null, "ts": 1686742851.027134}]}, "version": 96}
{"obj": {"type": "LogStrings", "path": ["monitoring", "a6110933", "stdout"], "values": [{"value": "\r 17%|\u2588\u258b        | 3/18 [02:06<09:17, 37.18s/it]", "step": null, "ts": 1686742861.0185268}]}, "version": 97}
{"obj": {"type": "LogFloats", "path": ["monitoring", "a6110933", "cpu"], "values": [{"value": 31.6, "step": null, "ts": 1686742861.0315397}]}, "version": 98}
{"obj": {"type": "LogFloats", "path": ["monitoring", "a6110933", "memory"], "values": [{"value": 31.112415313720703, "step": null, "ts": 1686742861.0315397}]}, "version": 99}
{"obj": {"type": "LogFloats", "path": ["monitoring", "a6110933", "gpu_memory"], "values": [{"value": 1.32366943359375, "step": null, "ts": 1686742861.0315397}]}, "version": 100}
{"obj": {"type": "LogFloats", "path": ["monitoring", "a6110933", "cpu"], "values": [{"value": 31.5, "step": null, "ts": 1686742871.0876453}]}, "version": 101}
{"obj": {"type": "LogFloats", "path": ["monitoring", "a6110933", "memory"], "values": [{"value": 31.192508697509766, "step": null, "ts": 1686742871.0876453}]}, "version": 102}
{"obj": {"type": "LogFloats", "path": ["monitoring", "a6110933", "gpu_memory"], "values": [{"value": 1.32366943359375, "step": null, "ts": 1686742871.0876453}]}, "version": 103}
{"obj": {"type": "LogFloats", "path": ["monitoring", "a6110933", "cpu"], "values": [{"value": 31.9, "step": null, "ts": 1686742881.2195098}]}, "version": 104}
{"obj": {"type": "LogFloats", "path": ["monitoring", "a6110933", "memory"], "values": [{"value": 31.27472686767578, "step": null, "ts": 1686742881.2195098}]}, "version": 105}
{"obj": {"type": "LogFloats", "path": ["monitoring", "a6110933", "gpu"], "values": [{"value": 2.0, "step": null, "ts": 1686742881.2195098}]}, "version": 106}
{"obj": {"type": "LogFloats", "path": ["monitoring", "a6110933", "gpu_memory"], "values": [{"value": 1.32366943359375, "step": null, "ts": 1686742881.2195098}]}, "version": 107}
{"obj": {"type": "LogStrings", "path": ["monitoring", "a6110933", "stdout"], "values": [{"value": "\r 22%|\u2588\u2588\u258f       | 4/18 [02:33<07:46, 33.30s/it]", "step": null, "ts": 1686742888.3602235}]}, "version": 108}
{"obj": {"type": "LogFloats", "path": ["monitoring", "a6110933", "cpu"], "values": [{"value": 31.6, "step": null, "ts": 1686742891.2745075}]}, "version": 109}
{"obj": {"type": "LogFloats", "path": ["monitoring", "a6110933", "memory"], "values": [{"value": 31.176189422607422, "step": null, "ts": 1686742891.2745075}]}, "version": 110}
{"obj": {"type": "LogFloats", "path": ["monitoring", "a6110933", "gpu_memory"], "values": [{"value": 1.32366943359375, "step": null, "ts": 1686742891.2745075}]}, "version": 111}
{"obj": {"type": "LogFloats", "path": ["monitoring", "a6110933", "cpu"], "values": [{"value": 32.0, "step": null, "ts": 1686742901.328509}]}, "version": 112}
{"obj": {"type": "LogFloats", "path": ["monitoring", "a6110933", "memory"], "values": [{"value": 31.256961822509766, "step": null, "ts": 1686742901.328509}]}, "version": 113}
{"obj": {"type": "LogFloats", "path": ["monitoring", "a6110933", "gpu_memory"], "values": [{"value": 1.32366943359375, "step": null, "ts": 1686742901.328509}]}, "version": 114}
{"obj": {"type": "LogFloats", "path": ["monitoring", "a6110933", "cpu"], "values": [{"value": 31.4, "step": null, "ts": 1686742911.4185514}]}, "version": 115}
{"obj": {"type": "LogFloats", "path": ["monitoring", "a6110933", "memory"], "values": [{"value": 31.344444274902344, "step": null, "ts": 1686742911.4185514}]}, "version": 116}
{"obj": {"type": "LogFloats", "path": ["monitoring", "a6110933", "gpu_memory"], "values": [{"value": 1.32366943359375, "step": null, "ts": 1686742911.4185514}]}, "version": 117}
{"obj": {"type": "LogStrings", "path": ["monitoring", "a6110933", "stdout"], "values": [{"value": "\r 28%|\u2588\u2588\u258a       | 5/18 [03:00<06:43, 31.05s/it]", "step": null, "ts": 1686742915.415369}]}, "version": 118}
{"obj": {"type": "LogFloats", "path": ["monitoring", "a6110933", "cpu"], "values": [{"value": 30.9, "step": null, "ts": 1686742921.4935095}]}, "version": 119}
{"obj": {"type": "LogFloats", "path": ["monitoring", "a6110933", "memory"], "values": [{"value": 31.23249053955078, "step": null, "ts": 1686742921.4935095}]}, "version": 120}
{"obj": {"type": "LogFloats", "path": ["monitoring", "a6110933", "gpu_memory"], "values": [{"value": 1.32366943359375, "step": null, "ts": 1686742921.4935095}]}, "version": 121}
{"obj": {"type": "LogFloats", "path": ["monitoring", "a6110933", "cpu"], "values": [{"value": 32.0, "step": null, "ts": 1686742931.55813}]}, "version": 122}
{"obj": {"type": "LogFloats", "path": ["monitoring", "a6110933", "memory"], "values": [{"value": 31.194557189941406, "step": null, "ts": 1686742931.55813}]}, "version": 123}
{"obj": {"type": "LogFloats", "path": ["monitoring", "a6110933", "gpu_memory"], "values": [{"value": 1.32366943359375, "step": null, "ts": 1686742931.55813}]}, "version": 124}
{"obj": {"type": "LogFloats", "path": ["monitoring", "a6110933", "cpu"], "values": [{"value": 31.8, "step": null, "ts": 1686742941.5695105}]}, "version": 125}
{"obj": {"type": "LogFloats", "path": ["monitoring", "a6110933", "memory"], "values": [{"value": 31.18921661376953, "step": null, "ts": 1686742941.5695105}]}, "version": 126}
{"obj": {"type": "LogFloats", "path": ["monitoring", "a6110933", "gpu_memory"], "values": [{"value": 1.32366943359375, "step": null, "ts": 1686742941.5695105}]}, "version": 127}
{"obj": {"type": "LogStrings", "path": ["monitoring", "a6110933", "stdout"], "values": [{"value": "\r 33%|\u2588\u2588\u2588\u258e      | 6/18 [03:28<05:57, 29.76s/it]", "step": null, "ts": 1686742942.6819093}]}, "version": 128}
{"obj": {"type": "LogFloats", "path": ["monitoring", "a6110933", "cpu"], "values": [{"value": 31.8, "step": null, "ts": 1686742951.636643}]}, "version": 129}
{"obj": {"type": "LogFloats", "path": ["monitoring", "a6110933", "memory"], "values": [{"value": 31.169471740722656, "step": null, "ts": 1686742951.636643}]}, "version": 130}
{"obj": {"type": "LogFloats", "path": ["monitoring", "a6110933", "gpu_memory"], "values": [{"value": 1.32366943359375, "step": null, "ts": 1686742951.636643}]}, "version": 131}
{"obj": {"type": "LogFloats", "path": ["monitoring", "a6110933", "cpu"], "values": [{"value": 31.8, "step": null, "ts": 1686742961.7761703}]}, "version": 132}
{"obj": {"type": "LogFloats", "path": ["monitoring", "a6110933", "memory"], "values": [{"value": 31.225162506103516, "step": null, "ts": 1686742961.7761703}]}, "version": 133}
{"obj": {"type": "LogFloats", "path": ["monitoring", "a6110933", "gpu"], "values": [{"value": 2.0, "step": null, "ts": 1686742961.7761703}]}, "version": 134}
{"obj": {"type": "LogFloats", "path": ["monitoring", "a6110933", "gpu_memory"], "values": [{"value": 1.32366943359375, "step": null, "ts": 1686742961.7761703}]}, "version": 135}
{"obj": {"type": "LogStrings", "path": ["monitoring", "a6110933", "stdout"], "values": [{"value": "\r 39%|\u2588\u2588\u2588\u2589      | 7/18 [03:55<05:18, 28.98s/it]", "step": null, "ts": 1686742970.0447917}]}, "version": 136}
{"obj": {"type": "LogFloats", "path": ["monitoring", "a6110933", "cpu"], "values": [{"value": 30.7, "step": null, "ts": 1686742971.7797968}]}, "version": 137}
{"obj": {"type": "LogFloats", "path": ["monitoring", "a6110933", "memory"], "values": [{"value": 31.19316864013672, "step": null, "ts": 1686742971.7797968}]}, "version": 138}
{"obj": {"type": "LogFloats", "path": ["monitoring", "a6110933", "gpu_memory"], "values": [{"value": 1.32366943359375, "step": null, "ts": 1686742971.7797968}]}, "version": 139}
{"obj": {"type": "LogFloats", "path": ["monitoring", "a6110933", "cpu"], "values": [{"value": 31.9, "step": null, "ts": 1686742981.782272}]}, "version": 140}
{"obj": {"type": "LogFloats", "path": ["monitoring", "a6110933", "memory"], "values": [{"value": 31.25061798095703, "step": null, "ts": 1686742981.782272}]}, "version": 141}
{"obj": {"type": "LogFloats", "path": ["monitoring", "a6110933", "gpu_memory"], "values": [{"value": 1.32366943359375, "step": null, "ts": 1686742981.782272}]}, "version": 142}
{"obj": {"type": "LogFloats", "path": ["monitoring", "a6110933", "cpu"], "values": [{"value": 31.7, "step": null, "ts": 1686742991.7846117}]}, "version": 143}
{"obj": {"type": "LogFloats", "path": ["monitoring", "a6110933", "memory"], "values": [{"value": 28.60202407836914, "step": null, "ts": 1686742991.7846117}]}, "version": 144}
{"obj": {"type": "LogFloats", "path": ["monitoring", "a6110933", "gpu_memory"], "values": [{"value": 1.32366943359375, "step": null, "ts": 1686742991.7846117}]}, "version": 145}
{"obj": {"type": "LogStrings", "path": ["monitoring", "a6110933", "stdout"], "values": [{"value": "\r 44%|\u2588\u2588\u2588\u2588\u258d     | 8/18 [04:23<04:45, 28.53s/it]", "step": null, "ts": 1686742997.6246006}]}, "version": 146}
{"obj": {"type": "LogFloats", "path": ["monitoring", "a6110933", "cpu"], "values": [{"value": 34.6, "step": null, "ts": 1686743002.097146}]}, "version": 147}
{"obj": {"type": "LogFloats", "path": ["monitoring", "a6110933", "memory"], "values": [{"value": 31.093482971191406, "step": null, "ts": 1686743002.097146}]}, "version": 148}
{"obj": {"type": "LogFloats", "path": ["monitoring", "a6110933", "gpu_memory"], "values": [{"value": 1.32366943359375, "step": null, "ts": 1686743002.097146}]}, "version": 149}
