{"obj": {"type": "AssignString", "path": ["sys", "name"], "value": "Untitled"}, "version": 1}
{"obj": {"type": "AssignString", "path": ["sys", "description"], "value": ""}, "version": 2}
{"obj": {"type": "AssignString", "path": ["monitoring", "bc295e04", "hostname"], "value": "DESKTOP-U7Q4VER"}, "version": 3}
{"obj": {"type": "AssignString", "path": ["sys", "hostname"], "value": "DESKTOP-U7Q4VER"}, "version": 4}
{"obj": {"type": "AssignString", "path": ["monitoring", "bc295e04", "pid"], "value": "23284"}, "version": 5}
{"obj": {"type": "AssignString", "path": ["monitoring", "bc295e04", "tid"], "value": "60816"}, "version": 6}
{"obj": {"type": "AssignBool", "path": ["sys", "failed"], "value": false}, "version": 7}
{"obj": {"type": "ClearStringLog", "path": ["monitoring", "bc295e04", "stdout"]}, "version": 8}
{"obj": {"type": "ClearStringLog", "path": ["monitoring", "bc295e04", "stderr"]}, "version": 9}
{"obj": {"type": "AssignString", "path": ["source_code", "entrypoint"], "value": "multi-step-ViT/train.py"}, "version": 10}
{"obj": {"type": "UploadFileSet", "path": ["source_code", "files"], "file_globs": ["C:\\Users\\Quinten Vroemen\\Documents\\MV_codespace\\BEP_MIA_DIR\\*.py", "C:\\Users\\Quinten Vroemen\\Documents\\MV_codespace\\BEP_MIA_DIR\\utils\\*.py", "C:\\Users\\Quinten Vroemen\\Documents\\MV_codespace\\BEP_MIA_DIR\\model\\***", "C:\\Users\\Quinten Vroemen\\Documents\\MV_codespace\\BEP_MIA_DIR\\datasets\\*.py", "C:\\Users\\Quinten Vroemen\\Documents\\MV_codespace\\BEP_MIA_DIR\\evaluation\\*.py", "C:\\Users\\Quinten Vroemen\\Documents\\MV_codespace\\BEP_MIA_DIR\\executor\\*.py"], "reset": "False"}, "version": 11}
{"obj": {"type": "ConfigFloatSeries", "path": ["monitoring", "bc295e04", "cpu"], "min": 0.0, "max": 100.0, "unit": "%"}, "version": 12}
{"obj": {"type": "ClearFloatLog", "path": ["monitoring", "bc295e04", "cpu"]}, "version": 13}
{"obj": {"type": "ConfigFloatSeries", "path": ["monitoring", "bc295e04", "memory"], "min": 0.0, "max": 15.947399139404297, "unit": "GB"}, "version": 14}
{"obj": {"type": "ClearFloatLog", "path": ["monitoring", "bc295e04", "memory"]}, "version": 15}
{"obj": {"type": "ConfigFloatSeries", "path": ["monitoring", "bc295e04", "gpu"], "min": 0.0, "max": 100.0, "unit": "%"}, "version": 16}
{"obj": {"type": "ClearFloatLog", "path": ["monitoring", "bc295e04", "gpu"]}, "version": 17}
{"obj": {"type": "ConfigFloatSeries", "path": ["monitoring", "bc295e04", "gpu_memory"], "min": 0.0, "max": 8.0, "unit": "GB"}, "version": 18}
{"obj": {"type": "ClearFloatLog", "path": ["monitoring", "bc295e04", "gpu_memory"]}, "version": 19}
{"obj": {"type": "AssignString", "path": ["parameters", "network"], "value": "msvit"}, "version": 20}
{"obj": {"type": "AssignString", "path": ["parameters", "root_checkpoints"], "value": "C:/Users/Quinten Vroemen/Documents/MV_codespace/BEP_MIA_DIR/multi-step-ViT/checkpoints"}, "version": 21}
{"obj": {"type": "AssignString", "path": ["parameters", "root_output"], "value": "C:/Users/Quinten Vroemen/Documents/MV_codespace/BEP_MIA_DIR/multi-step-ViT/output/model_val_metrics"}, "version": 22}
{"obj": {"type": "AssignString", "path": ["parameters", "root_data"], "value": "C:/Users/Quinten Vroemen/Documents/MV_codespace/BEP_MIA_DIR/4DCT/data"}, "version": 23}
{"obj": {"type": "AssignInt", "path": ["parameters", "random_seed"], "value": 1000}, "version": 24}
{"obj": {"type": "AssignString", "path": ["parameters", "device"], "value": "cuda"}, "version": 25}
{"obj": {"type": "AssignString", "path": ["parameters", "mode_neptune"], "value": "async"}, "version": 26}
{"obj": {"type": "AssignInt", "path": ["parameters", "vit_steps"], "value": 2}, "version": 27}
{"obj": {"type": "AssignString", "path": ["parameters", "similarity_loss"], "value": "ncc"}, "version": 28}
{"obj": {"type": "AssignFloat", "path": ["parameters", "learning_rate"], "value": 0.0001}, "version": 29}
{"obj": {"type": "AssignInt", "path": ["parameters", "reg_weight"], "value": 1}, "version": 30}
{"obj": {"type": "AssignInt", "path": ["parameters", "epochs"], "value": 10}, "version": 31}
{"obj": {"type": "AssignInt", "path": ["parameters", "batch_size"], "value": 1}, "version": 32}
{"obj": {"type": "AssignString", "path": ["parameters", "dataset"], "value": "lung"}, "version": 33}
{"obj": {"type": "AssignString", "path": ["parameters", "version"], "value": ""}, "version": 34}
{"obj": {"type": "AssignBool", "path": ["parameters", "overfit"], "value": false}, "version": 35}
{"obj": {"type": "AssignString", "path": ["parameters", "mode"], "value": "train"}, "version": 36}
{"obj": {"type": "LogFloats", "path": ["monitoring", "bc295e04", "cpu"], "values": [{"value": 5.6, "step": null, "ts": 1685707161.2296605}]}, "version": 37}
{"obj": {"type": "LogStrings", "path": ["monitoring", "bc295e04", "stderr"], "values": [{"value": "C:\\Users\\Quinten Vroemen\\anaconda\\envs\\BEPpytorch\\Lib\\site-packages\\neptune\\common\\warnings.py:62: NeptuneUnsupportedType: You're attempting to log a type that is not directly supported by Neptune (<class 'list'>).\n        Convert the value to a supported type, such as a string or float, or use stringify_unsupported(obj)\n        for dictionaries or collections that contain unsupported values.\n        For more, see https://docs.neptune.ai/help/value_of_unsupported_type\n  warnings.warn(\n", "step": null, "ts": 1685707161.2486644}]}, "version": 38}
{"obj": {"type": "LogFloats", "path": ["monitoring", "bc295e04", "memory"], "values": [{"value": 9.181827545166016, "step": null, "ts": 1685707161.2296605}]}, "version": 39}
{"obj": {"type": "LogFloats", "path": ["monitoring", "bc295e04", "gpu"], "values": [{"value": 5.0, "step": null, "ts": 1685707161.2296605}]}, "version": 40}
{"obj": {"type": "LogFloats", "path": ["monitoring", "bc295e04", "gpu_memory"], "values": [{"value": 0.743896484375, "step": null, "ts": 1685707161.2296605}]}, "version": 41}
{"obj": {"type": "AssignInt", "path": ["dataset", "size"], "value": 18}, "version": 42}
{"obj": {"type": "LogStrings", "path": ["monitoring", "bc295e04", "stderr"], "values": [{"value": "C:\\Users\\Quinten Vroemen\\anaconda\\envs\\BEPpytorch\\Lib\\site-packages\\torch\\functional.py:504: UserWarning: torch.meshgrid: in an upcoming release, it will be required to pass the indexing argument. (Triggered internally at C:\\cb\\pytorch_1000000000000\\work\\aten\\src\\ATen\\native\\TensorShape.cpp:3484.)\n  return _VF.meshgrid(tensors, **kwargs)  # type: ignore[attr-defined]\n", "step": null, "ts": 1685707161.861802}]}, "version": 43}
{"obj": {"type": "AssignInt", "path": ["model", "trainable_params"], "value": 13875942}, "version": 44}
{"obj": {"type": "LogStrings", "path": ["monitoring", "bc295e04", "stderr"], "values": [{"value": "C:\\Users\\Quinten Vroemen\\anaconda\\envs\\BEPpytorch\\Lib\\site-packages\\neptune\\common\\warnings.py:62: NeptuneUnsupportedType: You're attempting to log a type that is not directly supported by Neptune (<class 'model.MultiStepViT.MultiStepViT.MultiStepViT'>).\n        Convert the value to a supported type, such as a string or float, or use stringify_unsupported(obj)\n        for dictionaries or collections that contain unsupported values.\n        For more, see https://docs.neptune.ai/help/value_of_unsupported_type\n  warnings.warn(\n", "step": null, "ts": 1685707162.139864}]}, "version": 45}
{"obj": {"type": "LogStrings", "path": ["monitoring", "bc295e04", "stdout"], "values": [{"value": "\n----- Training -----", "step": null, "ts": 1685707162.6489797}]}, "version": 46}
{"obj": {"type": "LogStrings", "path": ["monitoring", "bc295e04", "stdout"], "values": [{"value": "\n", "step": null, "ts": 1685707162.6499796}]}, "version": 47}
{"obj": {"type": "LogStrings", "path": ["monitoring", "bc295e04", "stdout"], "values": [{"value": "\r  0%|                                                                                                                                                                                        | 0/18 [00:00<?, ?it/s]", "step": null, "ts": 1685707162.6549807}]}, "version": 48}
{"obj": {"type": "LogFloats", "path": ["monitoring", "bc295e04", "cpu"], "values": [{"value": 14.4, "step": null, "ts": 1685707171.2594407}]}, "version": 49}
{"obj": {"type": "LogFloats", "path": ["monitoring", "bc295e04", "memory"], "values": [{"value": 9.593547821044922, "step": null, "ts": 1685707171.2594407}]}, "version": 50}
{"obj": {"type": "LogFloats", "path": ["monitoring", "bc295e04", "gpu"], "values": [{"value": 100.0, "step": null, "ts": 1685707171.2594407}]}, "version": 51}
{"obj": {"type": "LogFloats", "path": ["monitoring", "bc295e04", "gpu_memory"], "values": [{"value": 1.2667465209960938, "step": null, "ts": 1685707171.2594407}]}, "version": 52}
{"obj": {"type": "LogFloats", "path": ["monitoring", "bc295e04", "cpu"], "values": [{"value": 10.4, "step": null, "ts": 1685707181.289153}]}, "version": 53}
{"obj": {"type": "LogFloats", "path": ["monitoring", "bc295e04", "memory"], "values": [{"value": 9.55257797241211, "step": null, "ts": 1685707181.289153}]}, "version": 54}
{"obj": {"type": "LogFloats", "path": ["monitoring", "bc295e04", "gpu"], "values": [{"value": 100.0, "step": null, "ts": 1685707181.289153}]}, "version": 55}
{"obj": {"type": "LogFloats", "path": ["monitoring", "bc295e04", "gpu_memory"], "values": [{"value": 1.2585067749023438, "step": null, "ts": 1685707181.289153}]}, "version": 56}
{"obj": {"type": "LogFloats", "path": ["monitoring", "bc295e04", "cpu"], "values": [{"value": 10.0, "step": null, "ts": 1685707191.3251107}]}, "version": 57}
{"obj": {"type": "LogFloats", "path": ["monitoring", "bc295e04", "memory"], "values": [{"value": 9.544708251953125, "step": null, "ts": 1685707191.3251107}]}, "version": 58}
{"obj": {"type": "LogFloats", "path": ["monitoring", "bc295e04", "gpu"], "values": [{"value": 100.0, "step": null, "ts": 1685707191.3251107}]}, "version": 59}
{"obj": {"type": "LogFloats", "path": ["monitoring", "bc295e04", "gpu_memory"], "values": [{"value": 1.2547836303710938, "step": null, "ts": 1685707191.3251107}]}, "version": 60}
{"obj": {"type": "LogFloats", "path": ["monitoring", "bc295e04", "cpu"], "values": [{"value": 9.8, "step": null, "ts": 1685707201.3416746}]}, "version": 61}
{"obj": {"type": "LogFloats", "path": ["monitoring", "bc295e04", "memory"], "values": [{"value": 9.540630340576172, "step": null, "ts": 1685707201.3416746}]}, "version": 62}
{"obj": {"type": "LogFloats", "path": ["monitoring", "bc295e04", "gpu"], "values": [{"value": 100.0, "step": null, "ts": 1685707201.3416746}]}, "version": 63}
{"obj": {"type": "LogFloats", "path": ["monitoring", "bc295e04", "gpu_memory"], "values": [{"value": 1.2547836303710938, "step": null, "ts": 1685707201.3416746}]}, "version": 64}
{"obj": {"type": "LogFloats", "path": ["monitoring", "bc295e04", "cpu"], "values": [{"value": 9.9, "step": null, "ts": 1685707211.372215}]}, "version": 65}
{"obj": {"type": "LogFloats", "path": ["monitoring", "bc295e04", "memory"], "values": [{"value": 9.542106628417969, "step": null, "ts": 1685707211.372215}]}, "version": 66}
{"obj": {"type": "LogFloats", "path": ["monitoring", "bc295e04", "gpu"], "values": [{"value": 100.0, "step": null, "ts": 1685707211.372215}]}, "version": 67}
{"obj": {"type": "LogFloats", "path": ["monitoring", "bc295e04", "gpu_memory"], "values": [{"value": 1.3661117553710938, "step": null, "ts": 1685707211.372215}]}, "version": 68}
{"obj": {"type": "LogFloats", "path": ["monitoring", "bc295e04", "cpu"], "values": [{"value": 7.5, "step": null, "ts": 1685707221.392822}]}, "version": 69}
{"obj": {"type": "LogFloats", "path": ["monitoring", "bc295e04", "memory"], "values": [{"value": 9.634384155273438, "step": null, "ts": 1685707221.392822}]}, "version": 70}
{"obj": {"type": "LogFloats", "path": ["monitoring", "bc295e04", "gpu"], "values": [{"value": 5.0, "step": null, "ts": 1685707221.392822}]}, "version": 71}
{"obj": {"type": "LogFloats", "path": ["monitoring", "bc295e04", "gpu_memory"], "values": [{"value": 1.3555526733398438, "step": null, "ts": 1685707221.392822}]}, "version": 72}
{"obj": {"type": "LogFloats", "path": ["monitoring", "bc295e04", "cpu"], "values": [{"value": 4.0, "step": null, "ts": 1685707231.4230688}]}, "version": 73}
{"obj": {"type": "LogFloats", "path": ["monitoring", "bc295e04", "memory"], "values": [{"value": 9.63934326171875, "step": null, "ts": 1685707231.4230688}]}, "version": 74}
{"obj": {"type": "LogFloats", "path": ["monitoring", "bc295e04", "gpu"], "values": [{"value": 6.0, "step": null, "ts": 1685707231.4230688}]}, "version": 75}
{"obj": {"type": "LogFloats", "path": ["monitoring", "bc295e04", "gpu_memory"], "values": [{"value": 1.3545761108398438, "step": null, "ts": 1685707231.4230688}]}, "version": 76}
{"obj": {"type": "LogFloats", "path": ["monitoring", "bc295e04", "cpu"], "values": [{"value": 5.4, "step": null, "ts": 1685707241.4456942}]}, "version": 77}
{"obj": {"type": "LogFloats", "path": ["monitoring", "bc295e04", "memory"], "values": [{"value": 9.66574478149414, "step": null, "ts": 1685707241.4456942}]}, "version": 78}
{"obj": {"type": "LogFloats", "path": ["monitoring", "bc295e04", "gpu"], "values": [{"value": 5.0, "step": null, "ts": 1685707241.4456942}]}, "version": 79}
{"obj": {"type": "LogFloats", "path": ["monitoring", "bc295e04", "gpu_memory"], "values": [{"value": 1.3545761108398438, "step": null, "ts": 1685707241.4456942}]}, "version": 80}
{"obj": {"type": "LogFloats", "path": ["monitoring", "bc295e04", "cpu"], "values": [{"value": 6.1, "step": null, "ts": 1685707251.5110662}]}, "version": 81}
{"obj": {"type": "LogFloats", "path": ["monitoring", "bc295e04", "memory"], "values": [{"value": 9.653091430664062, "step": null, "ts": 1685707251.5110662}]}, "version": 82}
{"obj": {"type": "LogFloats", "path": ["monitoring", "bc295e04", "gpu"], "values": [{"value": 5.0, "step": null, "ts": 1685707251.5110662}]}, "version": 83}
{"obj": {"type": "LogFloats", "path": ["monitoring", "bc295e04", "gpu_memory"], "values": [{"value": 1.3544540405273438, "step": null, "ts": 1685707251.5110662}]}, "version": 84}
{"obj": {"type": "LogFloats", "path": ["monitoring", "bc295e04", "cpu"], "values": [{"value": 3.5, "step": null, "ts": 1685707261.546653}]}, "version": 85}
{"obj": {"type": "LogFloats", "path": ["monitoring", "bc295e04", "memory"], "values": [{"value": 9.65728759765625, "step": null, "ts": 1685707261.546653}]}, "version": 86}
{"obj": {"type": "LogFloats", "path": ["monitoring", "bc295e04", "gpu"], "values": [{"value": 5.0, "step": null, "ts": 1685707261.546653}]}, "version": 87}
{"obj": {"type": "LogFloats", "path": ["monitoring", "bc295e04", "gpu_memory"], "values": [{"value": 1.3544540405273438, "step": null, "ts": 1685707261.546653}]}, "version": 88}
{"obj": {"type": "LogFloats", "path": ["monitoring", "bc295e04", "cpu"], "values": [{"value": 3.8, "step": null, "ts": 1685707271.5850093}]}, "version": 89}
{"obj": {"type": "LogFloats", "path": ["monitoring", "bc295e04", "memory"], "values": [{"value": 9.655498504638672, "step": null, "ts": 1685707271.5850093}]}, "version": 90}
{"obj": {"type": "LogFloats", "path": ["monitoring", "bc295e04", "gpu"], "values": [{"value": 5.0, "step": null, "ts": 1685707271.5850093}]}, "version": 91}
{"obj": {"type": "LogFloats", "path": ["monitoring", "bc295e04", "gpu_memory"], "values": [{"value": 1.3544540405273438, "step": null, "ts": 1685707271.5850093}]}, "version": 92}
{"obj": {"type": "LogFloats", "path": ["monitoring", "bc295e04", "cpu"], "values": [{"value": 4.9, "step": null, "ts": 1685707281.6145773}]}, "version": 93}
{"obj": {"type": "LogFloats", "path": ["monitoring", "bc295e04", "memory"], "values": [{"value": 9.651145935058594, "step": null, "ts": 1685707281.6145773}]}, "version": 94}
{"obj": {"type": "LogFloats", "path": ["monitoring", "bc295e04", "gpu"], "values": [{"value": 5.0, "step": null, "ts": 1685707281.6145773}]}, "version": 95}
{"obj": {"type": "LogFloats", "path": ["monitoring", "bc295e04", "gpu_memory"], "values": [{"value": 1.3554916381835938, "step": null, "ts": 1685707281.6145773}]}, "version": 96}
{"obj": {"type": "LogFloats", "path": ["monitoring", "bc295e04", "cpu"], "values": [{"value": 4.3, "step": null, "ts": 1685707291.6308126}]}, "version": 97}
{"obj": {"type": "LogFloats", "path": ["monitoring", "bc295e04", "memory"], "values": [{"value": 9.655632019042969, "step": null, "ts": 1685707291.6308126}]}, "version": 98}
{"obj": {"type": "LogFloats", "path": ["monitoring", "bc295e04", "gpu"], "values": [{"value": 5.0, "step": null, "ts": 1685707291.6308126}]}, "version": 99}
{"obj": {"type": "LogFloats", "path": ["monitoring", "bc295e04", "gpu_memory"], "values": [{"value": 1.3545150756835938, "step": null, "ts": 1685707291.6308126}]}, "version": 100}
{"obj": {"type": "LogFloats", "path": ["monitoring", "bc295e04", "cpu"], "values": [{"value": 4.0, "step": null, "ts": 1685707301.658817}]}, "version": 101}
{"obj": {"type": "LogFloats", "path": ["monitoring", "bc295e04", "memory"], "values": [{"value": 9.674625396728516, "step": null, "ts": 1685707301.658817}]}, "version": 102}
{"obj": {"type": "LogFloats", "path": ["monitoring", "bc295e04", "gpu"], "values": [{"value": 5.0, "step": null, "ts": 1685707301.658817}]}, "version": 103}
{"obj": {"type": "LogFloats", "path": ["monitoring", "bc295e04", "gpu_memory"], "values": [{"value": 1.3545150756835938, "step": null, "ts": 1685707301.658817}]}, "version": 104}
{"obj": {"type": "LogFloats", "path": ["monitoring", "bc295e04", "cpu"], "values": [{"value": 5.0, "step": null, "ts": 1685707311.6920893}]}, "version": 105}
{"obj": {"type": "LogFloats", "path": ["monitoring", "bc295e04", "memory"], "values": [{"value": 9.693546295166016, "step": null, "ts": 1685707311.6920893}]}, "version": 106}
{"obj": {"type": "LogFloats", "path": ["monitoring", "bc295e04", "gpu"], "values": [{"value": 5.0, "step": null, "ts": 1685707311.6920893}]}, "version": 107}
{"obj": {"type": "LogFloats", "path": ["monitoring", "bc295e04", "gpu_memory"], "values": [{"value": 1.3553695678710938, "step": null, "ts": 1685707311.6920893}]}, "version": 108}
{"obj": {"type": "LogFloats", "path": ["monitoring", "bc295e04", "cpu"], "values": [{"value": 6.5, "step": null, "ts": 1685707321.719323}]}, "version": 109}
{"obj": {"type": "LogFloats", "path": ["monitoring", "bc295e04", "memory"], "values": [{"value": 9.69595718383789, "step": null, "ts": 1685707321.719323}]}, "version": 110}
{"obj": {"type": "LogFloats", "path": ["monitoring", "bc295e04", "gpu"], "values": [{"value": 5.0, "step": null, "ts": 1685707321.719323}]}, "version": 111}
{"obj": {"type": "LogFloats", "path": ["monitoring", "bc295e04", "gpu_memory"], "values": [{"value": 1.3543930053710938, "step": null, "ts": 1685707321.719323}]}, "version": 112}
{"obj": {"type": "LogFloats", "path": ["monitoring", "bc295e04", "cpu"], "values": [{"value": 4.0, "step": null, "ts": 1685707331.7426765}]}, "version": 113}
{"obj": {"type": "LogFloats", "path": ["monitoring", "bc295e04", "memory"], "values": [{"value": 9.69106674194336, "step": null, "ts": 1685707331.7426765}]}, "version": 114}
{"obj": {"type": "LogFloats", "path": ["monitoring", "bc295e04", "gpu"], "values": [{"value": 5.0, "step": null, "ts": 1685707331.7426765}]}, "version": 115}
{"obj": {"type": "LogFloats", "path": ["monitoring", "bc295e04", "gpu_memory"], "values": [{"value": 1.3543930053710938, "step": null, "ts": 1685707331.7426765}]}, "version": 116}
{"obj": {"type": "LogStrings", "path": ["monitoring", "bc295e04", "stdout"], "values": [{"value": "\r  6%|\u2588\u2588\u2588\u2588\u2588\u2588\u2588\u2588\u2588\u258b                                                                                                                                                                     | 1/18 [02:49<48:07, 169.83s/it]", "step": null, "ts": 1685707332.4818428}]}, "version": 117}
{"obj": {"type": "LogFloats", "path": ["monitoring", "bc295e04", "cpu"], "values": [{"value": 5.8, "step": null, "ts": 1685707341.765311}]}, "version": 118}
{"obj": {"type": "LogFloats", "path": ["monitoring", "bc295e04", "memory"], "values": [{"value": 9.695480346679688, "step": null, "ts": 1685707341.765311}]}, "version": 119}
{"obj": {"type": "LogFloats", "path": ["monitoring", "bc295e04", "gpu"], "values": [{"value": 5.0, "step": null, "ts": 1685707341.765311}]}, "version": 120}
{"obj": {"type": "LogFloats", "path": ["monitoring", "bc295e04", "gpu_memory"], "values": [{"value": 1.8426742553710938, "step": null, "ts": 1685707341.765311}]}, "version": 121}
{"obj": {"type": "LogFloats", "path": ["monitoring", "bc295e04", "cpu"], "values": [{"value": 4.3, "step": null, "ts": 1685707351.8066974}]}, "version": 122}
{"obj": {"type": "LogFloats", "path": ["monitoring", "bc295e04", "memory"], "values": [{"value": 9.689842224121094, "step": null, "ts": 1685707351.8066974}]}, "version": 123}
{"obj": {"type": "LogFloats", "path": ["monitoring", "bc295e04", "gpu"], "values": [{"value": 5.0, "step": null, "ts": 1685707351.8066974}]}, "version": 124}
{"obj": {"type": "LogFloats", "path": ["monitoring", "bc295e04", "gpu_memory"], "values": [{"value": 1.8426742553710938, "step": null, "ts": 1685707351.8066974}]}, "version": 125}
{"obj": {"type": "LogFloats", "path": ["monitoring", "bc295e04", "cpu"], "values": [{"value": 4.7, "step": null, "ts": 1685707361.8365474}]}, "version": 126}
{"obj": {"type": "LogFloats", "path": ["monitoring", "bc295e04", "memory"], "values": [{"value": 9.591678619384766, "step": null, "ts": 1685707361.8365474}]}, "version": 127}
{"obj": {"type": "LogFloats", "path": ["monitoring", "bc295e04", "gpu"], "values": [{"value": 5.0, "step": null, "ts": 1685707361.8365474}]}, "version": 128}
{"obj": {"type": "LogFloats", "path": ["monitoring", "bc295e04", "gpu_memory"], "values": [{"value": 1.8426742553710938, "step": null, "ts": 1685707361.8365474}]}, "version": 129}
{"obj": {"type": "LogFloats", "path": ["monitoring", "bc295e04", "cpu"], "values": [{"value": 3.6, "step": null, "ts": 1685707371.8658075}]}, "version": 130}
{"obj": {"type": "LogFloats", "path": ["monitoring", "bc295e04", "memory"], "values": [{"value": 9.59613037109375, "step": null, "ts": 1685707371.8658075}]}, "version": 131}
{"obj": {"type": "LogFloats", "path": ["monitoring", "bc295e04", "gpu"], "values": [{"value": 5.0, "step": null, "ts": 1685707371.8658075}]}, "version": 132}
{"obj": {"type": "LogFloats", "path": ["monitoring", "bc295e04", "gpu_memory"], "values": [{"value": 1.8436508178710938, "step": null, "ts": 1685707371.8658075}]}, "version": 133}
{"obj": {"type": "LogFloats", "path": ["monitoring", "bc295e04", "cpu"], "values": [{"value": 4.0, "step": null, "ts": 1685707381.8819377}]}, "version": 134}
{"obj": {"type": "LogFloats", "path": ["monitoring", "bc295e04", "memory"], "values": [{"value": 9.59372329711914, "step": null, "ts": 1685707381.8819377}]}, "version": 135}
{"obj": {"type": "LogFloats", "path": ["monitoring", "bc295e04", "gpu"], "values": [{"value": 5.0, "step": null, "ts": 1685707381.8819377}]}, "version": 136}
{"obj": {"type": "LogFloats", "path": ["monitoring", "bc295e04", "gpu_memory"], "values": [{"value": 1.8426742553710938, "step": null, "ts": 1685707381.8819377}]}, "version": 137}
{"obj": {"type": "LogFloats", "path": ["monitoring", "bc295e04", "cpu"], "values": [{"value": 4.1, "step": null, "ts": 1685707391.8999856}]}, "version": 138}
{"obj": {"type": "LogFloats", "path": ["monitoring", "bc295e04", "memory"], "values": [{"value": 9.587753295898438, "step": null, "ts": 1685707391.8999856}]}, "version": 139}
{"obj": {"type": "LogFloats", "path": ["monitoring", "bc295e04", "gpu"], "values": [{"value": 5.0, "step": null, "ts": 1685707391.8999856}]}, "version": 140}
{"obj": {"type": "LogFloats", "path": ["monitoring", "bc295e04", "gpu_memory"], "values": [{"value": 1.8426742553710938, "step": null, "ts": 1685707391.8999856}]}, "version": 141}
{"obj": {"type": "LogFloats", "path": ["monitoring", "bc295e04", "cpu"], "values": [{"value": 4.4, "step": null, "ts": 1685707401.929407}]}, "version": 142}
{"obj": {"type": "LogFloats", "path": ["monitoring", "bc295e04", "memory"], "values": [{"value": 9.59130859375, "step": null, "ts": 1685707401.929407}]}, "version": 143}
{"obj": {"type": "LogFloats", "path": ["monitoring", "bc295e04", "gpu"], "values": [{"value": 5.0, "step": null, "ts": 1685707401.929407}]}, "version": 144}
{"obj": {"type": "LogFloats", "path": ["monitoring", "bc295e04", "gpu_memory"], "values": [{"value": 1.8436508178710938, "step": null, "ts": 1685707401.929407}]}, "version": 145}
{"obj": {"type": "LogFloats", "path": ["monitoring", "bc295e04", "cpu"], "values": [{"value": 4.8, "step": null, "ts": 1685707411.9497912}]}, "version": 146}
{"obj": {"type": "LogFloats", "path": ["monitoring", "bc295e04", "memory"], "values": [{"value": 9.588504791259766, "step": null, "ts": 1685707411.9497912}]}, "version": 147}
{"obj": {"type": "LogFloats", "path": ["monitoring", "bc295e04", "gpu"], "values": [{"value": 7.0, "step": null, "ts": 1685707411.9497912}]}, "version": 148}
{"obj": {"type": "LogFloats", "path": ["monitoring", "bc295e04", "gpu_memory"], "values": [{"value": 1.8426742553710938, "step": null, "ts": 1685707411.9497912}]}, "version": 149}
{"obj": {"type": "LogFloats", "path": ["monitoring", "bc295e04", "cpu"], "values": [{"value": 3.7, "step": null, "ts": 1685707421.9760623}]}, "version": 150}
{"obj": {"type": "LogFloats", "path": ["monitoring", "bc295e04", "memory"], "values": [{"value": 9.59817886352539, "step": null, "ts": 1685707421.9760623}]}, "version": 151}
{"obj": {"type": "LogFloats", "path": ["monitoring", "bc295e04", "gpu"], "values": [{"value": 5.0, "step": null, "ts": 1685707421.9760623}]}, "version": 152}
{"obj": {"type": "LogFloats", "path": ["monitoring", "bc295e04", "gpu_memory"], "values": [{"value": 1.8426742553710938, "step": null, "ts": 1685707421.9760623}]}, "version": 153}
{"obj": {"type": "LogFloats", "path": ["monitoring", "bc295e04", "cpu"], "values": [{"value": 7.0, "step": null, "ts": 1685707431.9931414}]}, "version": 154}
{"obj": {"type": "LogFloats", "path": ["monitoring", "bc295e04", "memory"], "values": [{"value": 9.565181732177734, "step": null, "ts": 1685707431.9931414}]}, "version": 155}
{"obj": {"type": "LogFloats", "path": ["monitoring", "bc295e04", "gpu"], "values": [{"value": 5.0, "step": null, "ts": 1685707431.9931414}]}, "version": 156}
{"obj": {"type": "LogFloats", "path": ["monitoring", "bc295e04", "gpu_memory"], "values": [{"value": 1.8427352905273438, "step": null, "ts": 1685707431.9931414}]}, "version": 157}
{"obj": {"type": "LogFloats", "path": ["monitoring", "bc295e04", "cpu"], "values": [{"value": 4.3, "step": null, "ts": 1685707442.0216}]}, "version": 158}
{"obj": {"type": "LogFloats", "path": ["monitoring", "bc295e04", "memory"], "values": [{"value": 9.56768798828125, "step": null, "ts": 1685707442.0216}]}, "version": 159}
{"obj": {"type": "LogFloats", "path": ["monitoring", "bc295e04", "gpu"], "values": [{"value": 5.0, "step": null, "ts": 1685707442.0216}]}, "version": 160}
{"obj": {"type": "LogFloats", "path": ["monitoring", "bc295e04", "gpu_memory"], "values": [{"value": 1.8427352905273438, "step": null, "ts": 1685707442.0216}]}, "version": 161}
{"obj": {"type": "LogFloats", "path": ["monitoring", "bc295e04", "cpu"], "values": [{"value": 4.1, "step": null, "ts": 1685707452.038399}]}, "version": 162}
{"obj": {"type": "LogFloats", "path": ["monitoring", "bc295e04", "memory"], "values": [{"value": 9.561290740966797, "step": null, "ts": 1685707452.038399}]}, "version": 163}
{"obj": {"type": "LogFloats", "path": ["monitoring", "bc295e04", "gpu"], "values": [{"value": 6.0, "step": null, "ts": 1685707452.038399}]}, "version": 164}
{"obj": {"type": "LogFloats", "path": ["monitoring", "bc295e04", "gpu_memory"], "values": [{"value": 1.8427352905273438, "step": null, "ts": 1685707452.038399}]}, "version": 165}
{"obj": {"type": "LogFloats", "path": ["monitoring", "bc295e04", "cpu"], "values": [{"value": 3.8, "step": null, "ts": 1685707462.0630612}]}, "version": 166}
{"obj": {"type": "LogFloats", "path": ["monitoring", "bc295e04", "memory"], "values": [{"value": 9.584091186523438, "step": null, "ts": 1685707462.0630612}]}, "version": 167}
{"obj": {"type": "LogFloats", "path": ["monitoring", "bc295e04", "gpu"], "values": [{"value": 5.0, "step": null, "ts": 1685707462.0630612}]}, "version": 168}
{"obj": {"type": "LogFloats", "path": ["monitoring", "bc295e04", "gpu_memory"], "values": [{"value": 1.8427352905273438, "step": null, "ts": 1685707462.0630612}]}, "version": 169}
{"obj": {"type": "LogFloats", "path": ["monitoring", "bc295e04", "cpu"], "values": [{"value": 3.9, "step": null, "ts": 1685707472.0800772}]}, "version": 170}
{"obj": {"type": "LogFloats", "path": ["monitoring", "bc295e04", "memory"], "values": [{"value": 9.567306518554688, "step": null, "ts": 1685707472.0800772}]}, "version": 171}
{"obj": {"type": "LogFloats", "path": ["monitoring", "bc295e04", "gpu"], "values": [{"value": 5.0, "step": null, "ts": 1685707472.0800772}]}, "version": 172}
{"obj": {"type": "LogFloats", "path": ["monitoring", "bc295e04", "gpu_memory"], "values": [{"value": 1.8427352905273438, "step": null, "ts": 1685707472.0800772}]}, "version": 173}
{"obj": {"type": "LogFloats", "path": ["monitoring", "bc295e04", "cpu"], "values": [{"value": 3.8, "step": null, "ts": 1685707482.0965204}]}, "version": 174}
{"obj": {"type": "LogFloats", "path": ["monitoring", "bc295e04", "memory"], "values": [{"value": 9.567012786865234, "step": null, "ts": 1685707482.0965204}]}, "version": 175}
{"obj": {"type": "LogFloats", "path": ["monitoring", "bc295e04", "gpu"], "values": [{"value": 5.0, "step": null, "ts": 1685707482.0965204}]}, "version": 176}
{"obj": {"type": "LogFloats", "path": ["monitoring", "bc295e04", "gpu_memory"], "values": [{"value": 1.8427352905273438, "step": null, "ts": 1685707482.0965204}]}, "version": 177}
{"obj": {"type": "LogFloats", "path": ["monitoring", "bc295e04", "cpu"], "values": [{"value": 4.2, "step": null, "ts": 1685707492.1223333}]}, "version": 178}
{"obj": {"type": "LogFloats", "path": ["monitoring", "bc295e04", "memory"], "values": [{"value": 9.593517303466797, "step": null, "ts": 1685707492.1223333}]}, "version": 179}
{"obj": {"type": "LogFloats", "path": ["monitoring", "bc295e04", "gpu"], "values": [{"value": 5.0, "step": null, "ts": 1685707492.1223333}]}, "version": 180}
{"obj": {"type": "LogFloats", "path": ["monitoring", "bc295e04", "gpu_memory"], "values": [{"value": 1.8437118530273438, "step": null, "ts": 1685707492.1223333}]}, "version": 181}
{"obj": {"type": "LogFloats", "path": ["monitoring", "bc295e04", "cpu"], "values": [{"value": 4.5, "step": null, "ts": 1685707502.1464427}]}, "version": 182}
{"obj": {"type": "LogFloats", "path": ["monitoring", "bc295e04", "memory"], "values": [{"value": 9.572711944580078, "step": null, "ts": 1685707502.1464427}]}, "version": 183}
{"obj": {"type": "LogFloats", "path": ["monitoring", "bc295e04", "gpu"], "values": [{"value": 5.0, "step": null, "ts": 1685707502.1464427}]}, "version": 184}
{"obj": {"type": "LogFloats", "path": ["monitoring", "bc295e04", "gpu_memory"], "values": [{"value": 1.8427352905273438, "step": null, "ts": 1685707502.1464427}]}, "version": 185}
{"obj": {"type": "LogFloats", "path": ["monitoring", "bc295e04", "cpu"], "values": [{"value": 4.1, "step": null, "ts": 1685707512.1723983}]}, "version": 186}
{"obj": {"type": "LogFloats", "path": ["monitoring", "bc295e04", "memory"], "values": [{"value": 9.574485778808594, "step": null, "ts": 1685707512.1723983}]}, "version": 187}
{"obj": {"type": "LogFloats", "path": ["monitoring", "bc295e04", "gpu"], "values": [{"value": 5.0, "step": null, "ts": 1685707512.1723983}]}, "version": 188}
{"obj": {"type": "LogFloats", "path": ["monitoring", "bc295e04", "gpu_memory"], "values": [{"value": 1.8427352905273438, "step": null, "ts": 1685707512.1723983}]}, "version": 189}
{"obj": {"type": "LogFloats", "path": ["monitoring", "bc295e04", "cpu"], "values": [{"value": 4.3, "step": null, "ts": 1685707522.1983078}]}, "version": 190}
{"obj": {"type": "LogFloats", "path": ["monitoring", "bc295e04", "memory"], "values": [{"value": 9.568443298339844, "step": null, "ts": 1685707522.1983078}]}, "version": 191}
{"obj": {"type": "LogFloats", "path": ["monitoring", "bc295e04", "gpu"], "values": [{"value": 5.0, "step": null, "ts": 1685707522.1983078}]}, "version": 192}
{"obj": {"type": "LogFloats", "path": ["monitoring", "bc295e04", "gpu_memory"], "values": [{"value": 1.8427352905273438, "step": null, "ts": 1685707522.1983078}]}, "version": 193}
{"obj": {"type": "LogFloats", "path": ["monitoring", "bc295e04", "cpu"], "values": [{"value": 3.5, "step": null, "ts": 1685707532.2215695}]}, "version": 194}
{"obj": {"type": "LogFloats", "path": ["monitoring", "bc295e04", "memory"], "values": [{"value": 9.573688507080078, "step": null, "ts": 1685707532.2215695}]}, "version": 195}
{"obj": {"type": "LogFloats", "path": ["monitoring", "bc295e04", "gpu"], "values": [{"value": 5.0, "step": null, "ts": 1685707532.2215695}]}, "version": 196}
{"obj": {"type": "LogFloats", "path": ["monitoring", "bc295e04", "gpu_memory"], "values": [{"value": 1.8427352905273438, "step": null, "ts": 1685707532.2215695}]}, "version": 197}
{"obj": {"type": "LogFloats", "path": ["monitoring", "bc295e04", "cpu"], "values": [{"value": 4.3, "step": null, "ts": 1685707542.2421234}]}, "version": 198}
{"obj": {"type": "LogFloats", "path": ["monitoring", "bc295e04", "memory"], "values": [{"value": 9.57589340209961, "step": null, "ts": 1685707542.2421234}]}, "version": 199}
{"obj": {"type": "LogFloats", "path": ["monitoring", "bc295e04", "gpu"], "values": [{"value": 5.0, "step": null, "ts": 1685707542.2421234}]}, "version": 200}
{"obj": {"type": "LogFloats", "path": ["monitoring", "bc295e04", "gpu_memory"], "values": [{"value": 1.8427352905273438, "step": null, "ts": 1685707542.2421234}]}, "version": 201}
{"obj": {"type": "LogFloats", "path": ["monitoring", "bc295e04", "cpu"], "values": [{"value": 4.0, "step": null, "ts": 1685707552.2612221}]}, "version": 202}
{"obj": {"type": "LogFloats", "path": ["monitoring", "bc295e04", "memory"], "values": [{"value": 9.578624725341797, "step": null, "ts": 1685707552.2612221}]}, "version": 203}
{"obj": {"type": "LogFloats", "path": ["monitoring", "bc295e04", "gpu"], "values": [{"value": 5.0, "step": null, "ts": 1685707552.2612221}]}, "version": 204}
{"obj": {"type": "LogFloats", "path": ["monitoring", "bc295e04", "gpu_memory"], "values": [{"value": 1.8438339233398438, "step": null, "ts": 1685707552.2612221}]}, "version": 205}
{"obj": {"type": "LogFloats", "path": ["monitoring", "bc295e04", "cpu"], "values": [{"value": 5.0, "step": null, "ts": 1685707562.2840927}]}, "version": 206}
{"obj": {"type": "LogFloats", "path": ["monitoring", "bc295e04", "memory"], "values": [{"value": 9.574546813964844, "step": null, "ts": 1685707562.2840927}]}, "version": 207}
{"obj": {"type": "LogFloats", "path": ["monitoring", "bc295e04", "gpu"], "values": [{"value": 6.0, "step": null, "ts": 1685707562.2840927}]}, "version": 208}
{"obj": {"type": "LogFloats", "path": ["monitoring", "bc295e04", "gpu_memory"], "values": [{"value": 1.8428573608398438, "step": null, "ts": 1685707562.2840927}]}, "version": 209}
{"obj": {"type": "LogFloats", "path": ["monitoring", "bc295e04", "cpu"], "values": [{"value": 3.3, "step": null, "ts": 1685707572.3130934}]}, "version": 210}
{"obj": {"type": "LogFloats", "path": ["monitoring", "bc295e04", "memory"], "values": [{"value": 9.580047607421875, "step": null, "ts": 1685707572.3130934}]}, "version": 211}
{"obj": {"type": "LogFloats", "path": ["monitoring", "bc295e04", "gpu"], "values": [{"value": 5.0, "step": null, "ts": 1685707572.3130934}]}, "version": 212}
{"obj": {"type": "LogFloats", "path": ["monitoring", "bc295e04", "gpu_memory"], "values": [{"value": 1.8428573608398438, "step": null, "ts": 1685707572.3130934}]}, "version": 213}
{"obj": {"type": "LogFloats", "path": ["monitoring", "bc295e04", "cpu"], "values": [{"value": 4.1, "step": null, "ts": 1685707582.3280358}]}, "version": 214}
{"obj": {"type": "LogFloats", "path": ["monitoring", "bc295e04", "memory"], "values": [{"value": 9.582347869873047, "step": null, "ts": 1685707582.3280358}]}, "version": 215}
{"obj": {"type": "LogFloats", "path": ["monitoring", "bc295e04", "gpu"], "values": [{"value": 5.0, "step": null, "ts": 1685707582.3280358}]}, "version": 216}
{"obj": {"type": "LogFloats", "path": ["monitoring", "bc295e04", "gpu_memory"], "values": [{"value": 1.8437118530273438, "step": null, "ts": 1685707582.3280358}]}, "version": 217}
{"obj": {"type": "LogFloats", "path": ["monitoring", "bc295e04", "cpu"], "values": [{"value": 4.7, "step": null, "ts": 1685707592.3424983}]}, "version": 218}
{"obj": {"type": "LogFloats", "path": ["monitoring", "bc295e04", "memory"], "values": [{"value": 9.578807830810547, "step": null, "ts": 1685707592.3424983}]}, "version": 219}
{"obj": {"type": "LogFloats", "path": ["monitoring", "bc295e04", "gpu"], "values": [{"value": 5.0, "step": null, "ts": 1685707592.3424983}]}, "version": 220}
{"obj": {"type": "LogFloats", "path": ["monitoring", "bc295e04", "gpu_memory"], "values": [{"value": 1.8427352905273438, "step": null, "ts": 1685707592.3424983}]}, "version": 221}
{"obj": {"type": "LogFloats", "path": ["monitoring", "bc295e04", "cpu"], "values": [{"value": 4.7, "step": null, "ts": 1685707602.3692884}]}, "version": 222}
{"obj": {"type": "LogFloats", "path": ["monitoring", "bc295e04", "memory"], "values": [{"value": 9.583187103271484, "step": null, "ts": 1685707602.3692884}]}, "version": 223}
{"obj": {"type": "LogFloats", "path": ["monitoring", "bc295e04", "gpu"], "values": [{"value": 5.0, "step": null, "ts": 1685707602.3692884}]}, "version": 224}
{"obj": {"type": "LogFloats", "path": ["monitoring", "bc295e04", "gpu_memory"], "values": [{"value": 1.8427352905273438, "step": null, "ts": 1685707602.3692884}]}, "version": 225}
{"obj": {"type": "LogFloats", "path": ["monitoring", "bc295e04", "cpu"], "values": [{"value": 6.9, "step": null, "ts": 1685707612.3945656}]}, "version": 226}
{"obj": {"type": "LogFloats", "path": ["monitoring", "bc295e04", "memory"], "values": [{"value": 9.581912994384766, "step": null, "ts": 1685707612.3945656}]}, "version": 227}
{"obj": {"type": "LogFloats", "path": ["monitoring", "bc295e04", "gpu"], "values": [{"value": 5.0, "step": null, "ts": 1685707612.3945656}]}, "version": 228}
{"obj": {"type": "LogFloats", "path": ["monitoring", "bc295e04", "gpu_memory"], "values": [{"value": 1.8427352905273438, "step": null, "ts": 1685707612.3945656}]}, "version": 229}
{"obj": {"type": "LogFloats", "path": ["monitoring", "bc295e04", "cpu"], "values": [{"value": 4.2, "step": null, "ts": 1685707622.418805}]}, "version": 230}
{"obj": {"type": "LogFloats", "path": ["monitoring", "bc295e04", "memory"], "values": [{"value": 9.585426330566406, "step": null, "ts": 1685707622.418805}]}, "version": 231}
{"obj": {"type": "LogFloats", "path": ["monitoring", "bc295e04", "gpu"], "values": [{"value": 5.0, "step": null, "ts": 1685707622.418805}]}, "version": 232}
{"obj": {"type": "LogFloats", "path": ["monitoring", "bc295e04", "gpu_memory"], "values": [{"value": 1.8427352905273438, "step": null, "ts": 1685707622.418805}]}, "version": 233}
{"obj": {"type": "LogFloats", "path": ["monitoring", "bc295e04", "cpu"], "values": [{"value": 3.8, "step": null, "ts": 1685707632.4384503}]}, "version": 234}
{"obj": {"type": "LogFloats", "path": ["monitoring", "bc295e04", "memory"], "values": [{"value": 9.583465576171875, "step": null, "ts": 1685707632.4384503}]}, "version": 235}
{"obj": {"type": "LogFloats", "path": ["monitoring", "bc295e04", "gpu"], "values": [{"value": 5.0, "step": null, "ts": 1685707632.4384503}]}, "version": 236}
{"obj": {"type": "LogFloats", "path": ["monitoring", "bc295e04", "gpu_memory"], "values": [{"value": 1.8427352905273438, "step": null, "ts": 1685707632.4384503}]}, "version": 237}
{"obj": {"type": "LogFloats", "path": ["monitoring", "bc295e04", "cpu"], "values": [{"value": 4.0, "step": null, "ts": 1685707642.463194}]}, "version": 238}
{"obj": {"type": "LogFloats", "path": ["monitoring", "bc295e04", "memory"], "values": [{"value": 9.600990295410156, "step": null, "ts": 1685707642.463194}]}, "version": 239}
{"obj": {"type": "LogFloats", "path": ["monitoring", "bc295e04", "gpu"], "values": [{"value": 5.0, "step": null, "ts": 1685707642.463194}]}, "version": 240}
{"obj": {"type": "LogFloats", "path": ["monitoring", "bc295e04", "gpu_memory"], "values": [{"value": 1.8436508178710938, "step": null, "ts": 1685707642.463194}]}, "version": 241}
{"obj": {"type": "LogFloats", "path": ["monitoring", "bc295e04", "cpu"], "values": [{"value": 3.7, "step": null, "ts": 1685707652.4883394}]}, "version": 242}
{"obj": {"type": "LogFloats", "path": ["monitoring", "bc295e04", "memory"], "values": [{"value": 9.59420394897461, "step": null, "ts": 1685707652.4883394}]}, "version": 243}
{"obj": {"type": "LogFloats", "path": ["monitoring", "bc295e04", "gpu"], "values": [{"value": 5.0, "step": null, "ts": 1685707652.4883394}]}, "version": 244}
{"obj": {"type": "LogFloats", "path": ["monitoring", "bc295e04", "gpu_memory"], "values": [{"value": 1.8426742553710938, "step": null, "ts": 1685707652.4883394}]}, "version": 245}
{"obj": {"type": "LogFloats", "path": ["monitoring", "bc295e04", "cpu"], "values": [{"value": 4.9, "step": null, "ts": 1685707662.5097997}]}, "version": 246}
{"obj": {"type": "LogFloats", "path": ["monitoring", "bc295e04", "memory"], "values": [{"value": 9.59531021118164, "step": null, "ts": 1685707662.5097997}]}, "version": 247}
{"obj": {"type": "LogFloats", "path": ["monitoring", "bc295e04", "gpu"], "values": [{"value": 5.0, "step": null, "ts": 1685707662.5097997}]}, "version": 248}
{"obj": {"type": "LogFloats", "path": ["monitoring", "bc295e04", "gpu_memory"], "values": [{"value": 1.8426742553710938, "step": null, "ts": 1685707662.5097997}]}, "version": 249}
{"obj": {"type": "LogFloats", "path": ["monitoring", "bc295e04", "cpu"], "values": [{"value": 3.7, "step": null, "ts": 1685707672.5243554}]}, "version": 250}
{"obj": {"type": "LogFloats", "path": ["monitoring", "bc295e04", "memory"], "values": [{"value": 9.596385955810547, "step": null, "ts": 1685707672.5243554}]}, "version": 251}
{"obj": {"type": "LogFloats", "path": ["monitoring", "bc295e04", "gpu"], "values": [{"value": 5.0, "step": null, "ts": 1685707672.5243554}]}, "version": 252}
{"obj": {"type": "LogFloats", "path": ["monitoring", "bc295e04", "gpu_memory"], "values": [{"value": 1.8437118530273438, "step": null, "ts": 1685707672.5243554}]}, "version": 253}
{"obj": {"type": "LogFloats", "path": ["monitoring", "bc295e04", "cpu"], "values": [{"value": 3.5, "step": null, "ts": 1685707682.538598}]}, "version": 254}
{"obj": {"type": "LogFloats", "path": ["monitoring", "bc295e04", "memory"], "values": [{"value": 9.614429473876953, "step": null, "ts": 1685707682.538598}]}, "version": 255}
{"obj": {"type": "LogFloats", "path": ["monitoring", "bc295e04", "gpu"], "values": [{"value": 5.0, "step": null, "ts": 1685707682.538598}]}, "version": 256}
{"obj": {"type": "LogFloats", "path": ["monitoring", "bc295e04", "gpu_memory"], "values": [{"value": 1.8427352905273438, "step": null, "ts": 1685707682.538598}]}, "version": 257}
{"obj": {"type": "LogFloats", "path": ["monitoring", "bc295e04", "cpu"], "values": [{"value": 4.5, "step": null, "ts": 1685707692.5644011}]}, "version": 258}
{"obj": {"type": "LogFloats", "path": ["monitoring", "bc295e04", "memory"], "values": [{"value": 9.59726333618164, "step": null, "ts": 1685707692.5644011}]}, "version": 259}
{"obj": {"type": "LogFloats", "path": ["monitoring", "bc295e04", "gpu"], "values": [{"value": 5.0, "step": null, "ts": 1685707692.5644011}]}, "version": 260}
{"obj": {"type": "LogFloats", "path": ["monitoring", "bc295e04", "gpu_memory"], "values": [{"value": 1.8427352905273438, "step": null, "ts": 1685707692.5644011}]}, "version": 261}
{"obj": {"type": "LogFloats", "path": ["monitoring", "bc295e04", "cpu"], "values": [{"value": 4.0, "step": null, "ts": 1685707702.6031783}]}, "version": 262}
{"obj": {"type": "LogFloats", "path": ["monitoring", "bc295e04", "memory"], "values": [{"value": 9.6007080078125, "step": null, "ts": 1685707702.6031783}]}, "version": 263}
{"obj": {"type": "LogFloats", "path": ["monitoring", "bc295e04", "gpu"], "values": [{"value": 5.0, "step": null, "ts": 1685707702.6031783}]}, "version": 264}
{"obj": {"type": "LogFloats", "path": ["monitoring", "bc295e04", "gpu_memory"], "values": [{"value": 1.8438949584960938, "step": null, "ts": 1685707702.6031783}]}, "version": 265}
{"obj": {"type": "LogFloats", "path": ["monitoring", "bc295e04", "cpu"], "values": [{"value": 4.2, "step": null, "ts": 1685707712.6308532}]}, "version": 266}
{"obj": {"type": "LogFloats", "path": ["monitoring", "bc295e04", "memory"], "values": [{"value": 9.606853485107422, "step": null, "ts": 1685707712.6308532}]}, "version": 267}
{"obj": {"type": "LogFloats", "path": ["monitoring", "bc295e04", "gpu"], "values": [{"value": 7.0, "step": null, "ts": 1685707712.6308532}]}, "version": 268}
{"obj": {"type": "LogFloats", "path": ["monitoring", "bc295e04", "gpu_memory"], "values": [{"value": 1.8429183959960938, "step": null, "ts": 1685707712.6308532}]}, "version": 269}
{"obj": {"type": "LogFloats", "path": ["monitoring", "bc295e04", "cpu"], "values": [{"value": 3.9, "step": null, "ts": 1685707722.6462593}]}, "version": 270}
{"obj": {"type": "LogFloats", "path": ["monitoring", "bc295e04", "memory"], "values": [{"value": 9.608879089355469, "step": null, "ts": 1685707722.6462593}]}, "version": 271}
{"obj": {"type": "LogFloats", "path": ["monitoring", "bc295e04", "gpu"], "values": [{"value": 5.0, "step": null, "ts": 1685707722.6462593}]}, "version": 272}
{"obj": {"type": "LogFloats", "path": ["monitoring", "bc295e04", "gpu_memory"], "values": [{"value": 1.8429183959960938, "step": null, "ts": 1685707722.6462593}]}, "version": 273}
{"obj": {"type": "LogFloats", "path": ["monitoring", "bc295e04", "cpu"], "values": [{"value": 6.0, "step": null, "ts": 1685707732.6745641}]}, "version": 274}
{"obj": {"type": "LogFloats", "path": ["monitoring", "bc295e04", "memory"], "values": [{"value": 9.52975082397461, "step": null, "ts": 1685707732.6745641}]}, "version": 275}
{"obj": {"type": "LogFloats", "path": ["monitoring", "bc295e04", "gpu"], "values": [{"value": 5.0, "step": null, "ts": 1685707732.6745641}]}, "version": 276}
{"obj": {"type": "LogFloats", "path": ["monitoring", "bc295e04", "gpu_memory"], "values": [{"value": 1.8437118530273438, "step": null, "ts": 1685707732.6745641}]}, "version": 277}
{"obj": {"type": "LogFloats", "path": ["monitoring", "bc295e04", "cpu"], "values": [{"value": 4.0, "step": null, "ts": 1685707742.6907208}]}, "version": 278}
{"obj": {"type": "LogFloats", "path": ["monitoring", "bc295e04", "memory"], "values": [{"value": 9.533702850341797, "step": null, "ts": 1685707742.6907208}]}, "version": 279}
{"obj": {"type": "LogFloats", "path": ["monitoring", "bc295e04", "gpu"], "values": [{"value": 5.0, "step": null, "ts": 1685707742.6907208}]}, "version": 280}
{"obj": {"type": "LogFloats", "path": ["monitoring", "bc295e04", "gpu_memory"], "values": [{"value": 1.8427352905273438, "step": null, "ts": 1685707742.6907208}]}, "version": 281}
{"obj": {"type": "LogFloats", "path": ["monitoring", "bc295e04", "cpu"], "values": [{"value": 3.8, "step": null, "ts": 1685707752.7083814}]}, "version": 282}
{"obj": {"type": "LogFloats", "path": ["monitoring", "bc295e04", "memory"], "values": [{"value": 9.531143188476562, "step": null, "ts": 1685707752.7083814}]}, "version": 283}
{"obj": {"type": "LogFloats", "path": ["monitoring", "bc295e04", "gpu"], "values": [{"value": 7.0, "step": null, "ts": 1685707752.7083814}]}, "version": 284}
{"obj": {"type": "LogFloats", "path": ["monitoring", "bc295e04", "gpu_memory"], "values": [{"value": 1.8427352905273438, "step": null, "ts": 1685707752.7083814}]}, "version": 285}
{"obj": {"type": "LogFloats", "path": ["monitoring", "bc295e04", "cpu"], "values": [{"value": 4.0, "step": null, "ts": 1685707762.7369754}]}, "version": 286}
{"obj": {"type": "LogFloats", "path": ["monitoring", "bc295e04", "memory"], "values": [{"value": 9.541633605957031, "step": null, "ts": 1685707762.7369754}]}, "version": 287}
{"obj": {"type": "LogFloats", "path": ["monitoring", "bc295e04", "gpu"], "values": [{"value": 5.0, "step": null, "ts": 1685707762.7369754}]}, "version": 288}
{"obj": {"type": "LogFloats", "path": ["monitoring", "bc295e04", "gpu_memory"], "values": [{"value": 1.8427963256835938, "step": null, "ts": 1685707762.7369754}]}, "version": 289}
{"obj": {"type": "LogFloats", "path": ["monitoring", "bc295e04", "cpu"], "values": [{"value": 4.5, "step": null, "ts": 1685707772.7584243}]}, "version": 290}
{"obj": {"type": "LogFloats", "path": ["monitoring", "bc295e04", "memory"], "values": [{"value": 9.54342269897461, "step": null, "ts": 1685707772.7584243}]}, "version": 291}
{"obj": {"type": "LogFloats", "path": ["monitoring", "bc295e04", "gpu"], "values": [{"value": 5.0, "step": null, "ts": 1685707772.7584243}]}, "version": 292}
{"obj": {"type": "LogFloats", "path": ["monitoring", "bc295e04", "gpu_memory"], "values": [{"value": 1.8427963256835938, "step": null, "ts": 1685707772.7584243}]}, "version": 293}
{"obj": {"type": "LogFloats", "path": ["monitoring", "bc295e04", "cpu"], "values": [{"value": 4.5, "step": null, "ts": 1685707782.773788}]}, "version": 294}
{"obj": {"type": "LogFloats", "path": ["monitoring", "bc295e04", "memory"], "values": [{"value": 9.544315338134766, "step": null, "ts": 1685707782.773788}]}, "version": 295}
{"obj": {"type": "LogFloats", "path": ["monitoring", "bc295e04", "gpu"], "values": [{"value": 5.0, "step": null, "ts": 1685707782.773788}]}, "version": 296}
{"obj": {"type": "LogFloats", "path": ["monitoring", "bc295e04", "gpu_memory"], "values": [{"value": 1.8427963256835938, "step": null, "ts": 1685707782.773788}]}, "version": 297}
{"obj": {"type": "LogFloats", "path": ["monitoring", "bc295e04", "cpu"], "values": [{"value": 7.5, "step": null, "ts": 1685707792.7930324}]}, "version": 298}
{"obj": {"type": "LogFloats", "path": ["monitoring", "bc295e04", "memory"], "values": [{"value": 9.56863784790039, "step": null, "ts": 1685707792.7930324}]}, "version": 299}
{"obj": {"type": "LogFloats", "path": ["monitoring", "bc295e04", "gpu"], "values": [{"value": 6.0, "step": null, "ts": 1685707792.7930324}]}, "version": 300}
{"obj": {"type": "LogFloats", "path": ["monitoring", "bc295e04", "gpu_memory"], "values": [{"value": 1.8426742553710938, "step": null, "ts": 1685707792.7930324}]}, "version": 301}
{"obj": {"type": "LogFloats", "path": ["monitoring", "bc295e04", "cpu"], "values": [{"value": 4.2, "step": null, "ts": 1685707802.8202357}]}, "version": 302}
{"obj": {"type": "LogFloats", "path": ["monitoring", "bc295e04", "memory"], "values": [{"value": 9.554256439208984, "step": null, "ts": 1685707802.8202357}]}, "version": 303}
{"obj": {"type": "LogFloats", "path": ["monitoring", "bc295e04", "gpu"], "values": [{"value": 5.0, "step": null, "ts": 1685707802.8202357}]}, "version": 304}
{"obj": {"type": "LogFloats", "path": ["monitoring", "bc295e04", "gpu_memory"], "values": [{"value": 1.8426742553710938, "step": null, "ts": 1685707802.8202357}]}, "version": 305}
{"obj": {"type": "LogFloats", "path": ["monitoring", "bc295e04", "cpu"], "values": [{"value": 4.6, "step": null, "ts": 1685707812.8417416}]}, "version": 306}
{"obj": {"type": "LogFloats", "path": ["monitoring", "bc295e04", "memory"], "values": [{"value": 9.55252456665039, "step": null, "ts": 1685707812.8417416}]}, "version": 307}
{"obj": {"type": "LogFloats", "path": ["monitoring", "bc295e04", "gpu"], "values": [{"value": 5.0, "step": null, "ts": 1685707812.8417416}]}, "version": 308}
{"obj": {"type": "LogFloats", "path": ["monitoring", "bc295e04", "gpu_memory"], "values": [{"value": 1.8426742553710938, "step": null, "ts": 1685707812.8417416}]}, "version": 309}
{"obj": {"type": "LogFloats", "path": ["monitoring", "bc295e04", "cpu"], "values": [{"value": 4.4, "step": null, "ts": 1685707822.8652828}]}, "version": 310}
{"obj": {"type": "LogFloats", "path": ["monitoring", "bc295e04", "memory"], "values": [{"value": 9.55587387084961, "step": null, "ts": 1685707822.8652828}]}, "version": 311}
{"obj": {"type": "LogFloats", "path": ["monitoring", "bc295e04", "gpu"], "values": [{"value": 5.0, "step": null, "ts": 1685707822.8652828}]}, "version": 312}
{"obj": {"type": "LogFloats", "path": ["monitoring", "bc295e04", "gpu_memory"], "values": [{"value": 1.8426742553710938, "step": null, "ts": 1685707822.8652828}]}, "version": 313}
